This file contains any messages produced by compilers while
running configure, to aid debugging if configure makes a mistake.

It was created by ODE configure 0.11.1, which was
generated by GNU Autoconf 2.65.  Invocation command line was

  $ ./configure 

## --------- ##
## Platform. ##
## --------- ##

hostname = lars-ETH
uname -m = x86_64
uname -r = 2.6.35-25-generic
uname -s = Linux
uname -v = #44-Ubuntu SMP Fri Jan 21 17:40:44 UTC 2011

/usr/bin/uname -p = unknown
/bin/uname -X     = unknown

/bin/arch              = unknown
/usr/bin/arch -k       = unknown
/usr/convex/getsysinfo = unknown
/usr/bin/hostinfo      = unknown
/bin/machine           = unknown
/usr/bin/oslevel       = unknown
/bin/universe          = unknown

PATH: /usr/local/sbin
PATH: /usr/local/bin
PATH: /usr/sbin
PATH: /usr/bin
PATH: /sbin
PATH: /bin
PATH: /usr/games


## ----------- ##
## Core tests. ##
## ----------- ##

configure:2636: checking build system type
configure:2650: result: x86_64-unknown-linux-gnu
configure:2670: checking host system type
configure:2683: result: x86_64-unknown-linux-gnu
configure:2720: checking for a BSD-compatible install
configure:2788: result: /usr/bin/install -c
configure:2799: checking whether build environment is sane
configure:2849: result: yes
configure:2990: checking for a thread-safe mkdir -p
configure:3029: result: /bin/mkdir -p
configure:3042: checking for gawk
configure:3072: result: no
configure:3042: checking for mawk
configure:3058: found /usr/bin/mawk
configure:3069: result: mawk
configure:3080: checking whether make sets $(MAKE)
configure:3102: result: yes
configure:3185: checking whether make sets $(MAKE)
configure:3207: result: yes
configure:3274: checking for g++
configure:3290: found /usr/bin/g++
configure:3301: result: g++
configure:3328: checking for C++ compiler version
configure:3337: g++ --version >&5
g++ (Ubuntu/Linaro 4.4.4-14ubuntu5) 4.4.5
Copyright (C) 2010 Free Software Foundation, Inc.
This is free software; see the source for copying conditions.  There is NO
warranty; not even for MERCHANTABILITY or FITNESS FOR A PARTICULAR PURPOSE.

configure:3348: $? = 0
configure:3337: g++ -v >&5
Using built-in specs.
Target: x86_64-linux-gnu
Configured with: ../src/configure -v --with-pkgversion='Ubuntu/Linaro 4.4.4-14ubuntu5' --with-bugurl=file:///usr/share/doc/gcc-4.4/README.Bugs --enable-languages=c,c++,fortran,objc,obj-c++ --prefix=/usr --program-suffix=-4.4 --enable-shared --enable-multiarch --enable-linker-build-id --with-system-zlib --libexecdir=/usr/lib --without-included-gettext --enable-threads=posix --with-gxx-include-dir=/usr/include/c++/4.4 --libdir=/usr/lib --enable-nls --with-sysroot=/ --enable-clocale=gnu --enable-libstdcxx-debug --enable-objc-gc --disable-werror --with-arch-32=i686 --with-tune=generic --enable-checking=release --build=x86_64-linux-gnu --host=x86_64-linux-gnu --target=x86_64-linux-gnu
Thread model: posix
gcc version 4.4.5 (Ubuntu/Linaro 4.4.4-14ubuntu5) 
configure:3348: $? = 0
configure:3337: g++ -V >&5
g++: '-V' option must have argument
configure:3348: $? = 1
configure:3337: g++ -qversion >&5
g++: unrecognized option '-qversion'
g++: no input files
configure:3348: $? = 1
configure:3368: checking whether the C++ compiler works
configure:3390: g++    conftest.cpp  >&5
configure:3394: $? = 0
configure:3443: result: yes
configure:3446: checking for C++ compiler default output file name
configure:3448: result: a.out
configure:3454: checking for suffix of executables
configure:3461: g++ -o conftest    conftest.cpp  >&5
configure:3465: $? = 0
configure:3487: result: 
configure:3509: checking whether we are cross compiling
configure:3517: g++ -o conftest    conftest.cpp  >&5
configure:3521: $? = 0
configure:3528: ./conftest
configure:3532: $? = 0
configure:3547: result: no
configure:3552: checking for suffix of object files
configure:3574: g++ -c   conftest.cpp >&5
configure:3578: $? = 0
configure:3599: result: o
configure:3603: checking whether we are using the GNU C++ compiler
configure:3622: g++ -c   conftest.cpp >&5
configure:3622: $? = 0
configure:3631: result: yes
configure:3640: checking whether g++ accepts -g
configure:3660: g++ -c -g  conftest.cpp >&5
configure:3660: $? = 0
configure:3701: result: yes
configure:3735: checking for style of include used by make
configure:3763: result: GNU
configure:3788: checking dependency style of g++
configure:3898: result: gcc3
configure:3961: checking for gcc
configure:3977: found /usr/bin/gcc
configure:3988: result: gcc
configure:4217: checking for C compiler version
configure:4226: gcc --version >&5
gcc (Ubuntu/Linaro 4.4.4-14ubuntu5) 4.4.5
Copyright (C) 2010 Free Software Foundation, Inc.
This is free software; see the source for copying conditions.  There is NO
warranty; not even for MERCHANTABILITY or FITNESS FOR A PARTICULAR PURPOSE.

configure:4237: $? = 0
configure:4226: gcc -v >&5
Using built-in specs.
Target: x86_64-linux-gnu
Configured with: ../src/configure -v --with-pkgversion='Ubuntu/Linaro 4.4.4-14ubuntu5' --with-bugurl=file:///usr/share/doc/gcc-4.4/README.Bugs --enable-languages=c,c++,fortran,objc,obj-c++ --prefix=/usr --program-suffix=-4.4 --enable-shared --enable-multiarch --enable-linker-build-id --with-system-zlib --libexecdir=/usr/lib --without-included-gettext --enable-threads=posix --with-gxx-include-dir=/usr/include/c++/4.4 --libdir=/usr/lib --enable-nls --with-sysroot=/ --enable-clocale=gnu --enable-libstdcxx-debug --enable-objc-gc --disable-werror --with-arch-32=i686 --with-tune=generic --enable-checking=release --build=x86_64-linux-gnu --host=x86_64-linux-gnu --target=x86_64-linux-gnu
Thread model: posix
gcc version 4.4.5 (Ubuntu/Linaro 4.4.4-14ubuntu5) 
configure:4237: $? = 0
configure:4226: gcc -V >&5
gcc: '-V' option must have argument
configure:4237: $? = 1
configure:4226: gcc -qversion >&5
gcc: unrecognized option '-qversion'
gcc: no input files
configure:4237: $? = 1
configure:4241: checking whether we are using the GNU C compiler
configure:4260: gcc -c   conftest.c >&5
configure:4260: $? = 0
configure:4269: result: yes
configure:4278: checking whether gcc accepts -g
configure:4298: gcc -c -g  conftest.c >&5
configure:4298: $? = 0
configure:4339: result: yes
configure:4356: checking for gcc option to accept ISO C89
configure:4420: gcc  -c -g -O2  conftest.c >&5
configure:4420: $? = 0
configure:4433: result: none needed
configure:4455: checking dependency style of gcc
configure:4565: result: gcc3
configure:4581: checking whether gcc and cc understand -c and -o together
configure:4612: gcc -c conftest.c -o conftest2.o >&5
configure:4616: $? = 0
configure:4622: gcc -c conftest.c -o conftest2.o >&5
configure:4626: $? = 0
configure:4637: cc -c conftest.c >&5
configure:4641: $? = 0
configure:4649: cc -c conftest.c -o conftest2.o >&5
configure:4653: $? = 0
configure:4659: cc -c conftest.c -o conftest2.o >&5
configure:4663: $? = 0
configure:4681: result: yes
configure:4711: checking how to run the C preprocessor
configure:4742: gcc -E  conftest.c
configure:4742: $? = 0
configure:4756: gcc -E  conftest.c
conftest.c:11: fatal error: ac_nonexistent.h: No such file or directory
compilation terminated.
configure:4756: $? = 1
configure: failed program was:
| /* confdefs.h */
| #define PACKAGE_NAME "ODE"
| #define PACKAGE_TARNAME "ode"
| #define PACKAGE_VERSION "0.11.1"
| #define PACKAGE_STRING "ODE 0.11.1"
| #define PACKAGE_BUGREPORT "ode@ode.org"
| #define PACKAGE_URL ""
| #define PACKAGE "ode"
| #define VERSION "0.11.1"
| /* end confdefs.h.  */
| #include <ac_nonexistent.h>
configure:4781: result: gcc -E
configure:4801: gcc -E  conftest.c
configure:4801: $? = 0
configure:4815: gcc -E  conftest.c
conftest.c:11: fatal error: ac_nonexistent.h: No such file or directory
compilation terminated.
configure:4815: $? = 1
configure: failed program was:
| /* confdefs.h */
| #define PACKAGE_NAME "ODE"
| #define PACKAGE_TARNAME "ode"
| #define PACKAGE_VERSION "0.11.1"
| #define PACKAGE_STRING "ODE 0.11.1"
| #define PACKAGE_BUGREPORT "ode@ode.org"
| #define PACKAGE_URL ""
| #define PACKAGE "ode"
| #define VERSION "0.11.1"
| /* end confdefs.h.  */
| #include <ac_nonexistent.h>
configure:4847: checking for gawk
configure:4874: result: mawk
configure:4886: checking whether ln -s works
configure:4890: result: yes
configure:5257: checking for a sed that does not truncate output
configure:5321: result: /bin/sed
configure:5339: checking for grep that handles long lines and -e
configure:5397: result: /bin/grep
configure:5402: checking for egrep
configure:5464: result: /bin/grep -E
configure:5469: checking for fgrep
configure:5531: result: /bin/grep -F
configure:5566: checking for ld used by gcc
configure:5633: result: /usr/bin/ld
configure:5640: checking if the linker (/usr/bin/ld) is GNU ld
configure:5655: result: yes
configure:5667: checking for BSD- or MS-compatible name lister (nm)
configure:5716: result: /usr/bin/nm -B
configure:5834: checking the name lister (/usr/bin/nm -B) interface
configure:5841: gcc -c -g -O2  conftest.c >&5
configure:5844: /usr/bin/nm -B "conftest.o"
configure:5847: output
0000000000000000 B some_variable
configure:5854: result: BSD nm
configure:5858: checking the maximum length of command line arguments
configure:5978: result: 1572864
configure:5995: checking whether the shell understands some XSI constructs
configure:6005: result: yes
configure:6009: checking whether the shell understands "+="
configure:6015: result: yes
configure:6050: checking for /usr/bin/ld option to reload object files
configure:6057: result: -r
configure:6126: checking for objdump
configure:6153: result: objdump
configure:6182: checking how to recognize dependent libraries
configure:6378: result: pass_all
configure:6438: checking for ar
configure:6454: found /usr/bin/ar
configure:6465: result: ar
configure:6543: checking for strip
configure:6559: found /usr/bin/strip
configure:6570: result: strip
configure:6642: checking for ranlib
configure:6658: found /usr/bin/ranlib
configure:6669: result: ranlib
configure:6759: checking command to parse /usr/bin/nm -B output from gcc object
configure:6877: gcc -c -g -O2  conftest.c >&5
configure:6880: $? = 0
configure:6884: /usr/bin/nm -B conftest.o \| sed -n -e 's/^.*[	 ]\([ABCDGIRSTW][ABCDGIRSTW]*\)[	 ][	 ]*\([_A-Za-z][_A-Za-z0-9]*\)$/\1 \2 \2/p' \> conftest.nm
configure:6887: $? = 0
configure:6941: gcc -o conftest -g -O2   conftest.c conftstm.o >&5
configure:6944: $? = 0
configure:6982: result: ok
configure:7078: gcc -c -g -O2  conftest.c >&5
configure:7081: $? = 0
configure:7787: checking for ANSI C header files
configure:7807: gcc -c -g -O2  conftest.c >&5
configure:7807: $? = 0
configure:7880: gcc -o conftest -g -O2   conftest.c  >&5
configure:7880: $? = 0
configure:7880: ./conftest
configure:7880: $? = 0
configure:7891: result: yes
configure:7904: checking for sys/types.h
configure:7904: gcc -c -g -O2  conftest.c >&5
configure:7904: $? = 0
configure:7904: result: yes
configure:7904: checking for sys/stat.h
configure:7904: gcc -c -g -O2  conftest.c >&5
configure:7904: $? = 0
configure:7904: result: yes
configure:7904: checking for stdlib.h
configure:7904: gcc -c -g -O2  conftest.c >&5
configure:7904: $? = 0
configure:7904: result: yes
configure:7904: checking for string.h
configure:7904: gcc -c -g -O2  conftest.c >&5
configure:7904: $? = 0
configure:7904: result: yes
configure:7904: checking for memory.h
configure:7904: gcc -c -g -O2  conftest.c >&5
configure:7904: $? = 0
configure:7904: result: yes
configure:7904: checking for strings.h
configure:7904: gcc -c -g -O2  conftest.c >&5
configure:7904: $? = 0
configure:7904: result: yes
configure:7904: checking for inttypes.h
configure:7904: gcc -c -g -O2  conftest.c >&5
configure:7904: $? = 0
configure:7904: result: yes
configure:7904: checking for stdint.h
configure:7904: gcc -c -g -O2  conftest.c >&5
configure:7904: $? = 0
configure:7904: result: yes
configure:7904: checking for unistd.h
configure:7904: gcc -c -g -O2  conftest.c >&5
configure:7904: $? = 0
configure:7904: result: yes
configure:7919: checking for dlfcn.h
configure:7919: gcc -c -g -O2  conftest.c >&5
configure:7919: $? = 0
configure:7919: result: yes
configure:8044: checking for C++ compiler version
configure:8053: g++ --version >&5
g++ (Ubuntu/Linaro 4.4.4-14ubuntu5) 4.4.5
Copyright (C) 2010 Free Software Foundation, Inc.
This is free software; see the source for copying conditions.  There is NO
warranty; not even for MERCHANTABILITY or FITNESS FOR A PARTICULAR PURPOSE.

configure:8064: $? = 0
configure:8053: g++ -v >&5
Using built-in specs.
Target: x86_64-linux-gnu
Configured with: ../src/configure -v --with-pkgversion='Ubuntu/Linaro 4.4.4-14ubuntu5' --with-bugurl=file:///usr/share/doc/gcc-4.4/README.Bugs --enable-languages=c,c++,fortran,objc,obj-c++ --prefix=/usr --program-suffix=-4.4 --enable-shared --enable-multiarch --enable-linker-build-id --with-system-zlib --libexecdir=/usr/lib --without-included-gettext --enable-threads=posix --with-gxx-include-dir=/usr/include/c++/4.4 --libdir=/usr/lib --enable-nls --with-sysroot=/ --enable-clocale=gnu --enable-libstdcxx-debug --enable-objc-gc --disable-werror --with-arch-32=i686 --with-tune=generic --enable-checking=release --build=x86_64-linux-gnu --host=x86_64-linux-gnu --target=x86_64-linux-gnu
Thread model: posix
gcc version 4.4.5 (Ubuntu/Linaro 4.4.4-14ubuntu5) 
configure:8064: $? = 0
configure:8053: g++ -V >&5
g++: '-V' option must have argument
configure:8064: $? = 1
configure:8053: g++ -qversion >&5
g++: unrecognized option '-qversion'
g++: no input files
configure:8064: $? = 1
configure:8068: checking whether we are using the GNU C++ compiler
configure:8096: result: yes
configure:8105: checking whether g++ accepts -g
configure:8166: result: yes
configure:8191: checking dependency style of g++
configure:8301: result: gcc3
configure:8324: checking how to run the C++ preprocessor
configure:8351: g++ -E  conftest.cpp
configure:8351: $? = 0
configure:8365: g++ -E  conftest.cpp
conftest.cpp:22: fatal error: ac_nonexistent.h: No such file or directory
compilation terminated.
configure:8365: $? = 1
configure: failed program was:
| /* confdefs.h */
| #define PACKAGE_NAME "ODE"
| #define PACKAGE_TARNAME "ode"
| #define PACKAGE_VERSION "0.11.1"
| #define PACKAGE_STRING "ODE 0.11.1"
| #define PACKAGE_BUGREPORT "ode@ode.org"
| #define PACKAGE_URL ""
| #define PACKAGE "ode"
| #define VERSION "0.11.1"
| #define STDC_HEADERS 1
| #define HAVE_SYS_TYPES_H 1
| #define HAVE_SYS_STAT_H 1
| #define HAVE_STDLIB_H 1
| #define HAVE_STRING_H 1
| #define HAVE_MEMORY_H 1
| #define HAVE_STRINGS_H 1
| #define HAVE_INTTYPES_H 1
| #define HAVE_STDINT_H 1
| #define HAVE_UNISTD_H 1
| #define HAVE_DLFCN_H 1
| /* end confdefs.h.  */
| #include <ac_nonexistent.h>
configure:8390: result: g++ -E
configure:8410: g++ -E  conftest.cpp
configure:8410: $? = 0
configure:8424: g++ -E  conftest.cpp
conftest.cpp:22: fatal error: ac_nonexistent.h: No such file or directory
compilation terminated.
configure:8424: $? = 1
configure: failed program was:
| /* confdefs.h */
| #define PACKAGE_NAME "ODE"
| #define PACKAGE_TARNAME "ode"
| #define PACKAGE_VERSION "0.11.1"
| #define PACKAGE_STRING "ODE 0.11.1"
| #define PACKAGE_BUGREPORT "ode@ode.org"
| #define PACKAGE_URL ""
| #define PACKAGE "ode"
| #define VERSION "0.11.1"
| #define STDC_HEADERS 1
| #define HAVE_SYS_TYPES_H 1
| #define HAVE_SYS_STAT_H 1
| #define HAVE_STDLIB_H 1
| #define HAVE_STRING_H 1
| #define HAVE_MEMORY_H 1
| #define HAVE_STRINGS_H 1
| #define HAVE_INTTYPES_H 1
| #define HAVE_STDINT_H 1
| #define HAVE_UNISTD_H 1
| #define HAVE_DLFCN_H 1
| /* end confdefs.h.  */
| #include <ac_nonexistent.h>
configure:8598: checking for objdir
configure:8613: result: .libs
configure:8905: checking if gcc supports -fno-rtti -fno-exceptions
configure:8923: gcc -c -g -O2  -fno-rtti -fno-exceptions conftest.c >&5
cc1: warning: command line option "-fno-rtti" is valid for C++/ObjC++ but not for C
configure:8927: $? = 0
configure:8940: result: no
configure:8960: checking for gcc option to produce PIC
configure:9232: result: -fPIC -DPIC
configure:9244: checking if gcc PIC flag -fPIC -DPIC works
configure:9262: gcc -c -g -O2  -fPIC -DPIC -DPIC conftest.c >&5
configure:9266: $? = 0
configure:9279: result: yes
configure:9303: checking if gcc static flag -static works
configure:9331: result: yes
configure:9346: checking if gcc supports -c -o file.o
configure:9367: gcc -c -g -O2  -o out/conftest2.o conftest.c >&5
configure:9371: $? = 0
configure:9393: result: yes
configure:9401: checking if gcc supports -c -o file.o
configure:9448: result: yes
configure:9481: checking whether the gcc linker (/usr/bin/ld -m elf_x86_64) supports shared libraries
configure:10472: result: yes
configure:10711: checking dynamic linker characteristics
configure:11144: gcc -o conftest -g -O2   -Wl,-rpath -Wl,/foo conftest.c  >&5
configure:11144: $? = 0
configure:11374: result: GNU/Linux ld.so
configure:11476: checking how to hardcode library paths into programs
configure:11501: result: immediate
configure:12021: checking whether stripping libraries is possible
configure:12026: result: yes
configure:12061: checking if libtool supports shared libraries
configure:12063: result: yes
configure:12066: checking whether to build shared libraries
configure:12087: result: no
configure:12090: checking whether to build static libraries
configure:12094: result: yes
configure:12244: checking for ld used by g++
configure:12311: result: /usr/bin/ld -m elf_x86_64
configure:12318: checking if the linker (/usr/bin/ld -m elf_x86_64) is GNU ld
configure:12333: result: yes
configure:12388: checking whether the g++ linker (/usr/bin/ld -m elf_x86_64) supports shared libraries
configure:13301: result: yes
configure:13329: g++ -c -g -O2  conftest.cpp >&5
configure:13332: $? = 0
configure:13514: checking for g++ option to produce PIC
configure:13831: result: -fPIC -DPIC
configure:13840: checking if g++ PIC flag -fPIC -DPIC works
configure:13858: g++ -c -g -O2  -fPIC -DPIC -DPIC conftest.cpp >&5
configure:13862: $? = 0
configure:13875: result: yes
configure:13896: checking if g++ static flag -static works
configure:13924: result: yes
configure:13936: checking if g++ supports -c -o file.o
configure:13957: g++ -c -g -O2  -o out/conftest2.o conftest.cpp >&5
configure:13961: $? = 0
configure:13983: result: yes
configure:13988: checking if g++ supports -c -o file.o
configure:14035: result: yes
configure:14065: checking whether the g++ linker (/usr/bin/ld -m elf_x86_64) supports shared libraries
configure:14094: result: yes
configure:14231: checking dynamic linker characteristics
configure:14612: g++ -o conftest -g -O2   -Wl,-rpath -Wl,/foo conftest.cpp  >&5
configure:14612: $? = 0
configure:14842: result: GNU/Linux ld.so
configure:14893: checking how to hardcode library paths into programs
configure:14918: result: immediate
configure:15025: checking for windres
configure:15055: result: no
configure:15077: checking whether byte ordering is bigendian
configure:15092: gcc -c -g -O2  conftest.c >&5
conftest.c:24: error: expected '=', ',', ';', 'asm' or '__attribute__' before 'a'
configure:15092: $? = 1
configure: failed program was:
| /* confdefs.h */
| #define PACKAGE_NAME "ODE"
| #define PACKAGE_TARNAME "ode"
| #define PACKAGE_VERSION "0.11.1"
| #define PACKAGE_STRING "ODE 0.11.1"
| #define PACKAGE_BUGREPORT "ode@ode.org"
| #define PACKAGE_URL ""
| #define PACKAGE "ode"
| #define VERSION "0.11.1"
| #define STDC_HEADERS 1
| #define HAVE_SYS_TYPES_H 1
| #define HAVE_SYS_STAT_H 1
| #define HAVE_STDLIB_H 1
| #define HAVE_STRING_H 1
| #define HAVE_MEMORY_H 1
| #define HAVE_STRINGS_H 1
| #define HAVE_INTTYPES_H 1
| #define HAVE_STDINT_H 1
| #define HAVE_UNISTD_H 1
| #define HAVE_DLFCN_H 1
| #define LT_OBJDIR ".libs/"
| /* end confdefs.h.  */
| #ifndef __APPLE_CC__
| 	       not a universal capable compiler
| 	     #endif
| 	     typedef int dummy;
| 
configure:15137: gcc -c -g -O2  conftest.c >&5
configure:15137: $? = 0
configure:15155: gcc -c -g -O2  conftest.c >&5
conftest.c: In function 'main':
conftest.c:30: error: 'not' undeclared (first use in this function)
conftest.c:30: error: (Each undeclared identifier is reported only once
conftest.c:30: error: for each function it appears in.)
conftest.c:30: error: expected ';' before 'big'
configure:15155: $? = 1
configure: failed program was:
| /* confdefs.h */
| #define PACKAGE_NAME "ODE"
| #define PACKAGE_TARNAME "ode"
| #define PACKAGE_VERSION "0.11.1"
| #define PACKAGE_STRING "ODE 0.11.1"
| #define PACKAGE_BUGREPORT "ode@ode.org"
| #define PACKAGE_URL ""
| #define PACKAGE "ode"
| #define VERSION "0.11.1"
| #define STDC_HEADERS 1
| #define HAVE_SYS_TYPES_H 1
| #define HAVE_SYS_STAT_H 1
| #define HAVE_STDLIB_H 1
| #define HAVE_STRING_H 1
| #define HAVE_MEMORY_H 1
| #define HAVE_STRINGS_H 1
| #define HAVE_INTTYPES_H 1
| #define HAVE_STDINT_H 1
| #define HAVE_UNISTD_H 1
| #define HAVE_DLFCN_H 1
| #define LT_OBJDIR ".libs/"
| /* end confdefs.h.  */
| #include <sys/types.h>
| 		#include <sys/param.h>
| 
| int
| main ()
| {
| #if BYTE_ORDER != BIG_ENDIAN
| 		 not big endian
| 		#endif
| 
|   ;
|   return 0;
| }
configure:15283: result: no
configure:15301: checking for inline
configure:15317: gcc -c -g -O2  conftest.c >&5
configure:15317: $? = 0
configure:15325: result: inline
configure:15343: checking for working volatile
configure:15362: gcc -c -g -O2  conftest.c >&5
configure:15362: $? = 0
configure:15369: result: yes
configure:15377: checking for stdbool.h that conforms to C99
configure:15462: gcc -c -g -O2  conftest.c >&5
configure:15462: $? = 0
configure:15469: result: yes
configure:15471: checking for _Bool
configure:15471: gcc -c -g -O2  conftest.c >&5
configure:15471: $? = 0
configure:15471: gcc -c -g -O2  conftest.c >&5
conftest.c: In function 'main':
conftest.c:59: error: expected expression before ')' token
configure:15471: $? = 1
configure: failed program was:
| /* confdefs.h */
| #define PACKAGE_NAME "ODE"
| #define PACKAGE_TARNAME "ode"
| #define PACKAGE_VERSION "0.11.1"
| #define PACKAGE_STRING "ODE 0.11.1"
| #define PACKAGE_BUGREPORT "ode@ode.org"
| #define PACKAGE_URL ""
| #define PACKAGE "ode"
| #define VERSION "0.11.1"
| #define STDC_HEADERS 1
| #define HAVE_SYS_TYPES_H 1
| #define HAVE_SYS_STAT_H 1
| #define HAVE_STDLIB_H 1
| #define HAVE_STRING_H 1
| #define HAVE_MEMORY_H 1
| #define HAVE_STRINGS_H 1
| #define HAVE_INTTYPES_H 1
| #define HAVE_STDINT_H 1
| #define HAVE_UNISTD_H 1
| #define HAVE_DLFCN_H 1
| #define LT_OBJDIR ".libs/"
| /* end confdefs.h.  */
| #include <stdio.h>
| #ifdef HAVE_SYS_TYPES_H
| # include <sys/types.h>
| #endif
| #ifdef HAVE_SYS_STAT_H
| # include <sys/stat.h>
| #endif
| #ifdef STDC_HEADERS
| # include <stdlib.h>
| # include <stddef.h>
| #else
| # ifdef HAVE_STDLIB_H
| #  include <stdlib.h>
| # endif
| #endif
| #ifdef HAVE_STRING_H
| # if !defined STDC_HEADERS && defined HAVE_MEMORY_H
| #  include <memory.h>
| # endif
| # include <string.h>
| #endif
| #ifdef HAVE_STRINGS_H
| # include <strings.h>
| #endif
| #ifdef HAVE_INTTYPES_H
| # include <inttypes.h>
| #endif
| #ifdef HAVE_STDINT_H
| # include <stdint.h>
| #endif
| #ifdef HAVE_UNISTD_H
| # include <unistd.h>
| #endif
| int
| main ()
| {
| if (sizeof ((_Bool)))
| 	    return 0;
|   ;
|   return 0;
| }
configure:15471: result: yes
configure:15487: checking for size_t
configure:15487: gcc -c -g -O2  conftest.c >&5
configure:15487: $? = 0
configure:15487: gcc -c -g -O2  conftest.c >&5
conftest.c: In function 'main':
conftest.c:61: error: expected expression before ')' token
configure:15487: $? = 1
configure: failed program was:
| /* confdefs.h */
| #define PACKAGE_NAME "ODE"
| #define PACKAGE_TARNAME "ode"
| #define PACKAGE_VERSION "0.11.1"
| #define PACKAGE_STRING "ODE 0.11.1"
| #define PACKAGE_BUGREPORT "ode@ode.org"
| #define PACKAGE_URL ""
| #define PACKAGE "ode"
| #define VERSION "0.11.1"
| #define STDC_HEADERS 1
| #define HAVE_SYS_TYPES_H 1
| #define HAVE_SYS_STAT_H 1
| #define HAVE_STDLIB_H 1
| #define HAVE_STRING_H 1
| #define HAVE_MEMORY_H 1
| #define HAVE_STRINGS_H 1
| #define HAVE_INTTYPES_H 1
| #define HAVE_STDINT_H 1
| #define HAVE_UNISTD_H 1
| #define HAVE_DLFCN_H 1
| #define LT_OBJDIR ".libs/"
| #define HAVE__BOOL 1
| #define HAVE_STDBOOL_H 1
| /* end confdefs.h.  */
| #include <stdio.h>
| #ifdef HAVE_SYS_TYPES_H
| # include <sys/types.h>
| #endif
| #ifdef HAVE_SYS_STAT_H
| # include <sys/stat.h>
| #endif
| #ifdef STDC_HEADERS
| # include <stdlib.h>
| # include <stddef.h>
| #else
| # ifdef HAVE_STDLIB_H
| #  include <stdlib.h>
| # endif
| #endif
| #ifdef HAVE_STRING_H
| # if !defined STDC_HEADERS && defined HAVE_MEMORY_H
| #  include <memory.h>
| # endif
| # include <string.h>
| #endif
| #ifdef HAVE_STRINGS_H
| # include <strings.h>
| #endif
| #ifdef HAVE_INTTYPES_H
| # include <inttypes.h>
| #endif
| #ifdef HAVE_STDINT_H
| # include <stdint.h>
| #endif
| #ifdef HAVE_UNISTD_H
| # include <unistd.h>
| #endif
| int
| main ()
| {
| if (sizeof ((size_t)))
| 	    return 0;
|   ;
|   return 0;
| }
configure:15487: result: yes
configure:15499: checking if demos should be built
configure:15508: result: yes
configure:15548: checking alloca.h usability
configure:15548: gcc -c -g -O2  conftest.c >&5
configure:15548: $? = 0
configure:15548: result: yes
configure:15548: checking alloca.h presence
configure:15548: gcc -E  conftest.c
configure:15548: $? = 0
configure:15548: result: yes
configure:15548: checking for alloca.h
configure:15548: result: yes
configure:15548: checking stdio.h usability
configure:15548: gcc -c -g -O2  conftest.c >&5
configure:15548: $? = 0
configure:15548: result: yes
configure:15548: checking stdio.h presence
configure:15548: gcc -E  conftest.c
configure:15548: $? = 0
configure:15548: result: yes
configure:15548: checking for stdio.h
configure:15548: result: yes
configure:15548: checking for stdint.h
configure:15548: result: yes
configure:15548: checking for stdlib.h
configure:15548: result: yes
configure:15548: checking math.h usability
configure:15548: gcc -c -g -O2  conftest.c >&5
configure:15548: $? = 0
configure:15548: result: yes
configure:15548: checking math.h presence
configure:15548: gcc -E  conftest.c
configure:15548: $? = 0
configure:15548: result: yes
configure:15548: checking for math.h
configure:15548: result: yes
configure:15548: checking for string.h
configure:15548: result: yes
configure:15548: checking stdarg.h usability
configure:15548: gcc -c -g -O2  conftest.c >&5
configure:15548: $? = 0
configure:15548: result: yes
configure:15548: checking stdarg.h presence
configure:15548: gcc -E  conftest.c
configure:15548: $? = 0
configure:15548: result: yes
configure:15548: checking for stdarg.h
configure:15548: result: yes
configure:15548: checking malloc.h usability
configure:15548: gcc -c -g -O2  conftest.c >&5
configure:15548: $? = 0
configure:15548: result: yes
configure:15548: checking malloc.h presence
configure:15548: gcc -E  conftest.c
configure:15548: $? = 0
configure:15548: result: yes
configure:15548: checking for malloc.h
configure:15548: result: yes
configure:15548: checking float.h usability
configure:15548: gcc -c -g -O2  conftest.c >&5
configure:15548: $? = 0
configure:15548: result: yes
configure:15548: checking float.h presence
configure:15548: gcc -E  conftest.c
configure:15548: $? = 0
configure:15548: result: yes
configure:15548: checking for float.h
configure:15548: result: yes
configure:15548: checking time.h usability
configure:15548: gcc -c -g -O2  conftest.c >&5
configure:15548: $? = 0
configure:15548: result: yes
configure:15548: checking time.h presence
configure:15548: gcc -E  conftest.c
configure:15548: $? = 0
configure:15548: result: yes
configure:15548: checking for time.h
configure:15548: result: yes
configure:15548: checking sys/time.h usability
configure:15548: gcc -c -g -O2  conftest.c >&5
configure:15548: $? = 0
configure:15548: result: yes
configure:15548: checking sys/time.h presence
configure:15548: gcc -E  conftest.c
configure:15548: $? = 0
configure:15548: result: yes
configure:15548: checking for sys/time.h
configure:15548: result: yes
configure:15607: checking if double precision is requested
configure:15616: result: no
configure:15697: checking which drawstuff lib to build
configure:15699: result: X11
configure:15704: checking for X
configure:15812: gcc -E  -DdSINGLE conftest.c
configure:15812: $? = 0
configure:15843: gcc -o conftest -g -O2  -DdSINGLE  conftest.c -lX11  >&5
configure:15843: $? = 0
configure:15893: result: libraries , headers 
configure:15992: gcc -o conftest -g -O2  -DdSINGLE  conftest.c   -lX11 >&5
configure:15992: $? = 0
configure:16090: checking for gethostbyname
configure:16090: gcc -o conftest -g -O2  -DdSINGLE  conftest.c  >&5
configure:16090: $? = 0
configure:16090: result: yes
configure:16187: checking for connect
configure:16187: gcc -o conftest -g -O2  -DdSINGLE  conftest.c  >&5
configure:16187: $? = 0
configure:16187: result: yes
configure:16236: checking for remove
configure:16236: gcc -o conftest -g -O2  -DdSINGLE  conftest.c  >&5
configure:16236: $? = 0
configure:16236: result: yes
configure:16285: checking for shmat
configure:16285: gcc -o conftest -g -O2  -DdSINGLE  conftest.c  >&5
configure:16285: $? = 0
configure:16285: result: yes
configure:16343: checking for IceConnectionNumber in -lICE
configure:16368: gcc -o conftest -g -O2  -DdSINGLE  conftest.c -lICE   >&5
configure:16368: $? = 0
configure:16377: result: yes
configure:16399: checking for GL/gl.h
configure:16399: gcc -c -g -O2  -DdSINGLE conftest.c >&5
configure:16399: $? = 0
configure:16399: result: yes
configure:16399: checking for GL/glu.h
configure:16399: gcc -c -g -O2  -DdSINGLE conftest.c >&5
configure:16399: $? = 0
configure:16399: result: yes
configure:16399: checking for GL/glext.h
configure:16399: gcc -c -g -O2  -DdSINGLE conftest.c >&5
configure:16399: $? = 0
configure:16399: result: yes
configure:16425: checking for main in -lGL
configure:16444: gcc -o conftest -g -O2  -DdSINGLE  conftest.c -lGL   >&5
configure:16444: $? = 0
configure:16453: result: yes
configure:16459: checking for main in -lGLU
configure:16478: gcc -o conftest -g -O2  -DdSINGLE  conftest.c -lGLU -lGL  >&5
configure:16478: $? = 0
configure:16487: result: yes
configure:16493: checking for main in -lopengl32
configure:16512: gcc -o conftest -g -O2  -DdSINGLE  conftest.c -lopengl32   >&5
/usr/bin/ld: cannot find -lopengl32
collect2: ld returned 1 exit status
configure:16512: $? = 1
configure: failed program was:
| /* confdefs.h */
| #define PACKAGE_NAME "ODE"
| #define PACKAGE_TARNAME "ode"
| #define PACKAGE_VERSION "0.11.1"
| #define PACKAGE_STRING "ODE 0.11.1"
| #define PACKAGE_BUGREPORT "ode@ode.org"
| #define PACKAGE_URL ""
| #define PACKAGE "ode"
| #define VERSION "0.11.1"
| #define STDC_HEADERS 1
| #define HAVE_SYS_TYPES_H 1
| #define HAVE_SYS_STAT_H 1
| #define HAVE_STDLIB_H 1
| #define HAVE_STRING_H 1
| #define HAVE_MEMORY_H 1
| #define HAVE_STRINGS_H 1
| #define HAVE_INTTYPES_H 1
| #define HAVE_STDINT_H 1
| #define HAVE_UNISTD_H 1
| #define HAVE_DLFCN_H 1
| #define LT_OBJDIR ".libs/"
| #define HAVE__BOOL 1
| #define HAVE_STDBOOL_H 1
| #define X86_64_SYSTEM 1
| #define HAVE_ALLOCA_H 1
| #define HAVE_STDIO_H 1
| #define HAVE_STDINT_H 1
| #define HAVE_STDLIB_H 1
| #define HAVE_MATH_H 1
| #define HAVE_STRING_H 1
| #define HAVE_STDARG_H 1
| #define HAVE_MALLOC_H 1
| #define HAVE_FLOAT_H 1
| #define HAVE_TIME_H 1
| #define HAVE_SYS_TIME_H 1
| #define HAVE_GL_GL_H 1
| #define HAVE_GL_GLU_H 1
| #define HAVE_GL_GLEXT_H 1
| /* end confdefs.h.  */
| 
| 
| int
| main ()
| {
| return main ();
|   ;
|   return 0;
| }
configure:16521: result: no
configure:16527: checking for main in -lglu32
configure:16546: gcc -o conftest -g -O2  -DdSINGLE  conftest.c -lglu32 -lopengl32  >&5
/usr/bin/ld: cannot find -lglu32
/usr/bin/ld: cannot find -lopengl32
collect2: ld returned 1 exit status
configure:16546: $? = 1
configure: failed program was:
| /* confdefs.h */
| #define PACKAGE_NAME "ODE"
| #define PACKAGE_TARNAME "ode"
| #define PACKAGE_VERSION "0.11.1"
| #define PACKAGE_STRING "ODE 0.11.1"
| #define PACKAGE_BUGREPORT "ode@ode.org"
| #define PACKAGE_URL ""
| #define PACKAGE "ode"
| #define VERSION "0.11.1"
| #define STDC_HEADERS 1
| #define HAVE_SYS_TYPES_H 1
| #define HAVE_SYS_STAT_H 1
| #define HAVE_STDLIB_H 1
| #define HAVE_STRING_H 1
| #define HAVE_MEMORY_H 1
| #define HAVE_STRINGS_H 1
| #define HAVE_INTTYPES_H 1
| #define HAVE_STDINT_H 1
| #define HAVE_UNISTD_H 1
| #define HAVE_DLFCN_H 1
| #define LT_OBJDIR ".libs/"
| #define HAVE__BOOL 1
| #define HAVE_STDBOOL_H 1
| #define X86_64_SYSTEM 1
| #define HAVE_ALLOCA_H 1
| #define HAVE_STDIO_H 1
| #define HAVE_STDINT_H 1
| #define HAVE_STDLIB_H 1
| #define HAVE_MATH_H 1
| #define HAVE_STRING_H 1
| #define HAVE_STDARG_H 1
| #define HAVE_MALLOC_H 1
| #define HAVE_FLOAT_H 1
| #define HAVE_TIME_H 1
| #define HAVE_SYS_TIME_H 1
| #define HAVE_GL_GL_H 1
| #define HAVE_GL_GLU_H 1
| #define HAVE_GL_GLEXT_H 1
| /* end confdefs.h.  */
| 
| 
| int
| main ()
| {
| return main ();
|   ;
|   return 0;
| }
configure:16555: result: no
configure:16573: checking for main in -lstdc++
configure:16592: gcc -o conftest -g -O2  -DdSINGLE  conftest.c -lstdc++   >&5
configure:16592: $? = 0
configure:16601: result: yes
configure:16610: checking for main in -lpthread
configure:16629: gcc -o conftest -g -O2  -DdSINGLE  conftest.c -lpthread   >&5
configure:16629: $? = 0
configure:16638: result: yes
configure:16672: checking for gprof
configure:16722: result: no
configure:16726: checking for main in -lm
configure:16745: gcc -o conftest -g -O2  -DdSINGLE  conftest.c -lm   -lpthread >&5
configure:16745: $? = 0
configure:16754: result: yes
configure:16765: checking for main in -lsunmath
configure:16784: gcc -o conftest -g -O2  -DdSINGLE  conftest.c -lsunmath  -lm  -lpthread >&5
/usr/bin/ld: cannot find -lsunmath
collect2: ld returned 1 exit status
configure:16784: $? = 1
configure: failed program was:
| /* confdefs.h */
| #define PACKAGE_NAME "ODE"
| #define PACKAGE_TARNAME "ode"
| #define PACKAGE_VERSION "0.11.1"
| #define PACKAGE_STRING "ODE 0.11.1"
| #define PACKAGE_BUGREPORT "ode@ode.org"
| #define PACKAGE_URL ""
| #define PACKAGE "ode"
| #define VERSION "0.11.1"
| #define STDC_HEADERS 1
| #define HAVE_SYS_TYPES_H 1
| #define HAVE_SYS_STAT_H 1
| #define HAVE_STDLIB_H 1
| #define HAVE_STRING_H 1
| #define HAVE_MEMORY_H 1
| #define HAVE_STRINGS_H 1
| #define HAVE_INTTYPES_H 1
| #define HAVE_STDINT_H 1
| #define HAVE_UNISTD_H 1
| #define HAVE_DLFCN_H 1
| #define LT_OBJDIR ".libs/"
| #define HAVE__BOOL 1
| #define HAVE_STDBOOL_H 1
| #define X86_64_SYSTEM 1
| #define HAVE_ALLOCA_H 1
| #define HAVE_STDIO_H 1
| #define HAVE_STDINT_H 1
| #define HAVE_STDLIB_H 1
| #define HAVE_MATH_H 1
| #define HAVE_STRING_H 1
| #define HAVE_STDARG_H 1
| #define HAVE_MALLOC_H 1
| #define HAVE_FLOAT_H 1
| #define HAVE_TIME_H 1
| #define HAVE_SYS_TIME_H 1
| #define HAVE_GL_GL_H 1
| #define HAVE_GL_GLU_H 1
| #define HAVE_GL_GLEXT_H 1
| #define HAVE_LIBM 1
| /* end confdefs.h.  */
| 
| 
| int
| main ()
| {
| return main ();
|   ;
|   return 0;
| }
configure:16793: result: no
configure:16807: checking for floor
configure:16807: gcc -o conftest -g -O2  -DdSINGLE  conftest.c -lm  -lpthread >&5
conftest.c:64: warning: conflicting types for built-in function 'floor'
configure:16807: $? = 0
configure:16807: result: yes
configure:16807: checking for memmove
configure:16807: gcc -o conftest -g -O2  -DdSINGLE  conftest.c -lm  -lpthread >&5
conftest.c:65: warning: conflicting types for built-in function 'memmove'
configure:16807: $? = 0
configure:16807: result: yes
configure:16807: checking for memset
configure:16807: gcc -o conftest -g -O2  -DdSINGLE  conftest.c -lm  -lpthread >&5
conftest.c:66: warning: conflicting types for built-in function 'memset'
configure:16807: $? = 0
configure:16807: result: yes
configure:16807: checking for select
configure:16807: gcc -o conftest -g -O2  -DdSINGLE  conftest.c -lm  -lpthread >&5
configure:16807: $? = 0
configure:16807: result: yes
configure:16807: checking for sqrt
configure:16807: gcc -o conftest -g -O2  -DdSINGLE  conftest.c -lm  -lpthread >&5
conftest.c:68: warning: conflicting types for built-in function 'sqrt'
configure:16807: $? = 0
configure:16807: result: yes
configure:16807: checking for sqrtf
configure:16807: gcc -o conftest -g -O2  -DdSINGLE  conftest.c -lm  -lpthread >&5
conftest.c:69: warning: conflicting types for built-in function 'sqrtf'
configure:16807: $? = 0
configure:16807: result: yes
configure:16807: checking for sinf
configure:16807: gcc -o conftest -g -O2  -DdSINGLE  conftest.c -lm  -lpthread >&5
conftest.c:70: warning: conflicting types for built-in function 'sinf'
configure:16807: $? = 0
configure:16807: result: yes
configure:16807: checking for cosf
configure:16807: gcc -o conftest -g -O2  -DdSINGLE  conftest.c -lm  -lpthread >&5
conftest.c:71: warning: conflicting types for built-in function 'cosf'
configure:16807: $? = 0
configure:16807: result: yes
configure:16807: checking for fabsf
configure:16807: gcc -o conftest -g -O2  -DdSINGLE  conftest.c -lm  -lpthread >&5
conftest.c:72: warning: conflicting types for built-in function 'fabsf'
configure:16807: $? = 0
configure:16807: result: yes
configure:16807: checking for atan2f
configure:16807: gcc -o conftest -g -O2  -DdSINGLE  conftest.c -lm  -lpthread >&5
conftest.c:73: warning: conflicting types for built-in function 'atan2f'
configure:16807: $? = 0
configure:16807: result: yes
configure:16807: checking for fmodf
configure:16807: gcc -o conftest -g -O2  -DdSINGLE  conftest.c -lm  -lpthread >&5
conftest.c:74: warning: conflicting types for built-in function 'fmodf'
configure:16807: $? = 0
configure:16807: result: yes
configure:16807: checking for copysignf
configure:16807: gcc -o conftest -g -O2  -DdSINGLE  conftest.c -lm  -lpthread >&5
conftest.c:75: warning: conflicting types for built-in function 'copysignf'
configure:16807: $? = 0
configure:16807: result: yes
configure:16807: checking for copysign
configure:16807: gcc -o conftest -g -O2  -DdSINGLE  conftest.c -lm  -lpthread >&5
conftest.c:76: warning: conflicting types for built-in function 'copysign'
configure:16807: $? = 0
configure:16807: result: yes
configure:16807: checking for snprintf
configure:16807: gcc -o conftest -g -O2  -DdSINGLE  conftest.c -lm  -lpthread >&5
conftest.c:77: warning: conflicting types for built-in function 'snprintf'
configure:16807: $? = 0
configure:16807: result: yes
configure:16807: checking for vsnprintf
configure:16807: gcc -o conftest -g -O2  -DdSINGLE  conftest.c -lm  -lpthread >&5
conftest.c:78: warning: conflicting types for built-in function 'vsnprintf'
configure:16807: $? = 0
configure:16807: result: yes
configure:16807: checking for gettimeofday
configure:16807: gcc -o conftest -g -O2  -DdSINGLE  conftest.c -lm  -lpthread >&5
configure:16807: $? = 0
configure:16807: result: yes
configure:16807: checking for isnan
configure:16807: gcc -o conftest -g -O2  -DdSINGLE  conftest.c -lm  -lpthread >&5
conftest.c:80: warning: conflicting types for built-in function 'isnan'
configure:16807: $? = 0
configure:16807: result: yes
configure:16807: checking for isnanf
configure:16807: gcc -o conftest -g -O2  -DdSINGLE  conftest.c -lm  -lpthread >&5
conftest.c:81: warning: conflicting types for built-in function 'isnanf'
configure:16807: $? = 0
configure:16807: result: yes
configure:16807: checking for _isnan
configure:16807: gcc -o conftest -g -O2  -DdSINGLE  conftest.c -lm  -lpthread >&5
/tmp/ccPUYqAW.o: In function `main':
/home/lars/Projekte/svn-lars/trunk/SimBot/ode-0.11.1/conftest.c:93: undefined reference to `_isnan'
collect2: ld returned 1 exit status
configure:16807: $? = 1
configure: failed program was:
| /* confdefs.h */
| #define PACKAGE_NAME "ODE"
| #define PACKAGE_TARNAME "ode"
| #define PACKAGE_VERSION "0.11.1"
| #define PACKAGE_STRING "ODE 0.11.1"
| #define PACKAGE_BUGREPORT "ode@ode.org"
| #define PACKAGE_URL ""
| #define PACKAGE "ode"
| #define VERSION "0.11.1"
| #define STDC_HEADERS 1
| #define HAVE_SYS_TYPES_H 1
| #define HAVE_SYS_STAT_H 1
| #define HAVE_STDLIB_H 1
| #define HAVE_STRING_H 1
| #define HAVE_MEMORY_H 1
| #define HAVE_STRINGS_H 1
| #define HAVE_INTTYPES_H 1
| #define HAVE_STDINT_H 1
| #define HAVE_UNISTD_H 1
| #define HAVE_DLFCN_H 1
| #define LT_OBJDIR ".libs/"
| #define HAVE__BOOL 1
| #define HAVE_STDBOOL_H 1
| #define X86_64_SYSTEM 1
| #define HAVE_ALLOCA_H 1
| #define HAVE_STDIO_H 1
| #define HAVE_STDINT_H 1
| #define HAVE_STDLIB_H 1
| #define HAVE_MATH_H 1
| #define HAVE_STRING_H 1
| #define HAVE_STDARG_H 1
| #define HAVE_MALLOC_H 1
| #define HAVE_FLOAT_H 1
| #define HAVE_TIME_H 1
| #define HAVE_SYS_TIME_H 1
| #define HAVE_GL_GL_H 1
| #define HAVE_GL_GLU_H 1
| #define HAVE_GL_GLEXT_H 1
| #define HAVE_LIBM 1
| #define HAVE_FLOOR 1
| #define HAVE_MEMMOVE 1
| #define HAVE_MEMSET 1
| #define HAVE_SELECT 1
| #define HAVE_SQRT 1
| #define HAVE_SQRTF 1
| #define HAVE_SINF 1
| #define HAVE_COSF 1
| #define HAVE_FABSF 1
| #define HAVE_ATAN2F 1
| #define HAVE_FMODF 1
| #define HAVE_COPYSIGNF 1
| #define HAVE_COPYSIGN 1
| #define HAVE_SNPRINTF 1
| #define HAVE_VSNPRINTF 1
| #define HAVE_GETTIMEOFDAY 1
| #define HAVE_ISNAN 1
| #define HAVE_ISNANF 1
| /* end confdefs.h.  */
| /* Define _isnan to an innocuous variant, in case <limits.h> declares _isnan.
|    For example, HP-UX 11i <limits.h> declares gettimeofday.  */
| #define _isnan innocuous__isnan
| 
| /* System header to define __stub macros and hopefully few prototypes,
|     which can conflict with char _isnan (); below.
|     Prefer <limits.h> to <assert.h> if __STDC__ is defined, since
|     <limits.h> exists even on freestanding compilers.  */
| 
| #ifdef __STDC__
| # include <limits.h>
| #else
| # include <assert.h>
| #endif
| 
| #undef _isnan
| 
| /* Override any GCC internal prototype to avoid an error.
|    Use char because int might match the return type of a GCC
|    builtin and then its argument prototype would still apply.  */
| #ifdef __cplusplus
| extern "C"
| #endif
| char _isnan ();
| /* The GNU C library defines this for functions which it implements
|     to always fail with ENOSYS.  Some functions are actually named
|     something starting with __ and the normal name is an alias.  */
| #if defined __stub__isnan || defined __stub____isnan
| choke me
| #endif
| 
| int
| main ()
| {
| return _isnan ();
|   ;
|   return 0;
| }
configure:16807: result: no
configure:16807: checking for _isnanf
configure:16807: gcc -o conftest -g -O2  -DdSINGLE  conftest.c -lm  -lpthread >&5
/tmp/ccbsRvB1.o: In function `main':
/home/lars/Projekte/svn-lars/trunk/SimBot/ode-0.11.1/conftest.c:93: undefined reference to `_isnanf'
collect2: ld returned 1 exit status
configure:16807: $? = 1
configure: failed program was:
| /* confdefs.h */
| #define PACKAGE_NAME "ODE"
| #define PACKAGE_TARNAME "ode"
| #define PACKAGE_VERSION "0.11.1"
| #define PACKAGE_STRING "ODE 0.11.1"
| #define PACKAGE_BUGREPORT "ode@ode.org"
| #define PACKAGE_URL ""
| #define PACKAGE "ode"
| #define VERSION "0.11.1"
| #define STDC_HEADERS 1
| #define HAVE_SYS_TYPES_H 1
| #define HAVE_SYS_STAT_H 1
| #define HAVE_STDLIB_H 1
| #define HAVE_STRING_H 1
| #define HAVE_MEMORY_H 1
| #define HAVE_STRINGS_H 1
| #define HAVE_INTTYPES_H 1
| #define HAVE_STDINT_H 1
| #define HAVE_UNISTD_H 1
| #define HAVE_DLFCN_H 1
| #define LT_OBJDIR ".libs/"
| #define HAVE__BOOL 1
| #define HAVE_STDBOOL_H 1
| #define X86_64_SYSTEM 1
| #define HAVE_ALLOCA_H 1
| #define HAVE_STDIO_H 1
| #define HAVE_STDINT_H 1
| #define HAVE_STDLIB_H 1
| #define HAVE_MATH_H 1
| #define HAVE_STRING_H 1
| #define HAVE_STDARG_H 1
| #define HAVE_MALLOC_H 1
| #define HAVE_FLOAT_H 1
| #define HAVE_TIME_H 1
| #define HAVE_SYS_TIME_H 1
| #define HAVE_GL_GL_H 1
| #define HAVE_GL_GLU_H 1
| #define HAVE_GL_GLEXT_H 1
| #define HAVE_LIBM 1
| #define HAVE_FLOOR 1
| #define HAVE_MEMMOVE 1
| #define HAVE_MEMSET 1
| #define HAVE_SELECT 1
| #define HAVE_SQRT 1
| #define HAVE_SQRTF 1
| #define HAVE_SINF 1
| #define HAVE_COSF 1
| #define HAVE_FABSF 1
| #define HAVE_ATAN2F 1
| #define HAVE_FMODF 1
| #define HAVE_COPYSIGNF 1
| #define HAVE_COPYSIGN 1
| #define HAVE_SNPRINTF 1
| #define HAVE_VSNPRINTF 1
| #define HAVE_GETTIMEOFDAY 1
| #define HAVE_ISNAN 1
| #define HAVE_ISNANF 1
| /* end confdefs.h.  */
| /* Define _isnanf to an innocuous variant, in case <limits.h> declares _isnanf.
|    For example, HP-UX 11i <limits.h> declares gettimeofday.  */
| #define _isnanf innocuous__isnanf
| 
| /* System header to define __stub macros and hopefully few prototypes,
|     which can conflict with char _isnanf (); below.
|     Prefer <limits.h> to <assert.h> if __STDC__ is defined, since
|     <limits.h> exists even on freestanding compilers.  */
| 
| #ifdef __STDC__
| # include <limits.h>
| #else
| # include <assert.h>
| #endif
| 
| #undef _isnanf
| 
| /* Override any GCC internal prototype to avoid an error.
|    Use char because int might match the return type of a GCC
|    builtin and then its argument prototype would still apply.  */
| #ifdef __cplusplus
| extern "C"
| #endif
| char _isnanf ();
| /* The GNU C library defines this for functions which it implements
|     to always fail with ENOSYS.  Some functions are actually named
|     something starting with __ and the normal name is an alias.  */
| #if defined __stub__isnanf || defined __stub____isnanf
| choke me
| #endif
| 
| int
| main ()
| {
| return _isnanf ();
|   ;
|   return 0;
| }
configure:16807: result: no
configure:16807: checking for __isnan
configure:16807: gcc -o conftest -g -O2  -DdSINGLE  conftest.c -lm  -lpthread >&5
configure:16807: $? = 0
configure:16807: result: yes
configure:16807: checking for __isnanf
configure:16807: gcc -o conftest -g -O2  -DdSINGLE  conftest.c -lm  -lpthread >&5
configure:16807: $? = 0
configure:16807: result: yes
configure:16819: checking for working alloca.h
configure:16836: gcc -o conftest -g -O2  -DdSINGLE  conftest.c -lm  -lpthread >&5
configure:16836: $? = 0
configure:16844: result: yes
configure:16852: checking for alloca
configure:16889: gcc -o conftest -g -O2  -DdSINGLE  conftest.c -lm  -lpthread >&5
configure:16889: $? = 0
configure:16897: result: yes
configure:17009: checking for stdlib.h
configure:17009: result: yes
configure:17019: checking for GNU libc compatible malloc
configure:17043: gcc -o conftest -g -O2  -DdSINGLE  conftest.c -lm  -lpthread >&5
configure:17043: $? = 0
configure:17043: ./conftest
configure:17043: $? = 0
configure:17053: result: yes
configure:17074: checking for obstacks
configure:17095: gcc -o conftest -g -O2  -DdSINGLE  conftest.c -lm  -lpthread >&5
configure:17095: $? = 0
configure:17103: result: yes
configure:17120: checking for stdlib.h
configure:17120: result: yes
configure:17130: checking for GNU libc compatible realloc
configure:17154: gcc -o conftest -g -O2  -DdSINGLE  conftest.c -lm  -lpthread >&5
configure:17154: $? = 0
configure:17154: ./conftest
configure:17154: $? = 0
configure:17164: result: yes
configure:17188: checking sys/select.h usability
configure:17188: gcc -c -g -O2  -DdSINGLE conftest.c >&5
configure:17188: $? = 0
configure:17188: result: yes
configure:17188: checking sys/select.h presence
configure:17188: gcc -E  -DdSINGLE conftest.c
configure:17188: $? = 0
configure:17188: result: yes
configure:17188: checking for sys/select.h
configure:17188: result: yes
configure:17188: checking sys/socket.h usability
configure:17188: gcc -c -g -O2  -DdSINGLE conftest.c >&5
configure:17188: $? = 0
configure:17188: result: yes
configure:17188: checking sys/socket.h presence
configure:17188: gcc -E  -DdSINGLE conftest.c
configure:17188: $? = 0
configure:17188: result: yes
configure:17188: checking for sys/socket.h
configure:17188: result: yes
configure:17199: checking types of arguments for select
configure:17227: gcc -c -g -O2  -DdSINGLE conftest.c >&5
configure:17227: $? = 0
configure:17238: result: int,fd_set *,struct timeval *
configure:17263: checking for vprintf
configure:17263: gcc -o conftest -g -O2  -DdSINGLE  conftest.c -lm  -lpthread >&5
conftest.c:96: warning: conflicting types for built-in function 'vprintf'
configure:17263: $? = 0
configure:17263: result: yes
configure:17269: checking for _doprnt
configure:17269: gcc -o conftest -g -O2  -DdSINGLE  conftest.c -lm  -lpthread >&5
/tmp/ccsDH9gS.o: In function `main':
/home/lars/Projekte/svn-lars/trunk/SimBot/ode-0.11.1/conftest.c:108: undefined reference to `_doprnt'
collect2: ld returned 1 exit status
configure:17269: $? = 1
configure: failed program was:
| /* confdefs.h */
| #define PACKAGE_NAME "ODE"
| #define PACKAGE_TARNAME "ode"
| #define PACKAGE_VERSION "0.11.1"
| #define PACKAGE_STRING "ODE 0.11.1"
| #define PACKAGE_BUGREPORT "ode@ode.org"
| #define PACKAGE_URL ""
| #define PACKAGE "ode"
| #define VERSION "0.11.1"
| #define STDC_HEADERS 1
| #define HAVE_SYS_TYPES_H 1
| #define HAVE_SYS_STAT_H 1
| #define HAVE_STDLIB_H 1
| #define HAVE_STRING_H 1
| #define HAVE_MEMORY_H 1
| #define HAVE_STRINGS_H 1
| #define HAVE_INTTYPES_H 1
| #define HAVE_STDINT_H 1
| #define HAVE_UNISTD_H 1
| #define HAVE_DLFCN_H 1
| #define LT_OBJDIR ".libs/"
| #define HAVE__BOOL 1
| #define HAVE_STDBOOL_H 1
| #define X86_64_SYSTEM 1
| #define HAVE_ALLOCA_H 1
| #define HAVE_STDIO_H 1
| #define HAVE_STDINT_H 1
| #define HAVE_STDLIB_H 1
| #define HAVE_MATH_H 1
| #define HAVE_STRING_H 1
| #define HAVE_STDARG_H 1
| #define HAVE_MALLOC_H 1
| #define HAVE_FLOAT_H 1
| #define HAVE_TIME_H 1
| #define HAVE_SYS_TIME_H 1
| #define HAVE_GL_GL_H 1
| #define HAVE_GL_GLU_H 1
| #define HAVE_GL_GLEXT_H 1
| #define HAVE_LIBM 1
| #define HAVE_FLOOR 1
| #define HAVE_MEMMOVE 1
| #define HAVE_MEMSET 1
| #define HAVE_SELECT 1
| #define HAVE_SQRT 1
| #define HAVE_SQRTF 1
| #define HAVE_SINF 1
| #define HAVE_COSF 1
| #define HAVE_FABSF 1
| #define HAVE_ATAN2F 1
| #define HAVE_FMODF 1
| #define HAVE_COPYSIGNF 1
| #define HAVE_COPYSIGN 1
| #define HAVE_SNPRINTF 1
| #define HAVE_VSNPRINTF 1
| #define HAVE_GETTIMEOFDAY 1
| #define HAVE_ISNAN 1
| #define HAVE_ISNANF 1
| #define HAVE___ISNAN 1
| #define HAVE___ISNANF 1
| #define HAVE_ALLOCA_H 1
| #define HAVE_ALLOCA 1
| #define HAVE_STDLIB_H 1
| #define HAVE_MALLOC 1
| #define HAVE_OBSTACK 1
| #define HAVE_STDLIB_H 1
| #define HAVE_REALLOC 1
| #define HAVE_SYS_SELECT_H 1
| #define HAVE_SYS_SOCKET_H 1
| #define SELECT_TYPE_ARG1 int
| #define SELECT_TYPE_ARG234 (fd_set *)
| #define SELECT_TYPE_ARG5 (struct timeval *)
| #define HAVE_VPRINTF 1
| /* end confdefs.h.  */
| /* Define _doprnt to an innocuous variant, in case <limits.h> declares _doprnt.
|    For example, HP-UX 11i <limits.h> declares gettimeofday.  */
| #define _doprnt innocuous__doprnt
| 
| /* System header to define __stub macros and hopefully few prototypes,
|     which can conflict with char _doprnt (); below.
|     Prefer <limits.h> to <assert.h> if __STDC__ is defined, since
|     <limits.h> exists even on freestanding compilers.  */
| 
| #ifdef __STDC__
| # include <limits.h>
| #else
| # include <assert.h>
| #endif
| 
| #undef _doprnt
| 
| /* Override any GCC internal prototype to avoid an error.
|    Use char because int might match the return type of a GCC
|    builtin and then its argument prototype would still apply.  */
| #ifdef __cplusplus
| extern "C"
| #endif
| char _doprnt ();
| /* The GNU C library defines this for functions which it implements
|     to always fail with ENOSYS.  Some functions are actually named
|     something starting with __ and the normal name is an alias.  */
| #if defined __stub__doprnt || defined __stub____doprnt
| choke me
| #endif
| 
| int
| main ()
| {
| return _doprnt ();
|   ;
|   return 0;
| }
configure:17269: result: no
configure:17281: checking if alloca should be emulated by malloc
configure:17298: result: no
configure:17587: creating ./config.status

## ---------------------- ##
## Running config.status. ##
## ---------------------- ##

This file was extended by ODE config.status 0.11.1, which was
generated by GNU Autoconf 2.65.  Invocation command line was

  CONFIG_FILES    = 
  CONFIG_HEADERS  = 
  CONFIG_LINKS    = 
  CONFIG_COMMANDS = 
  $ ./config.status 

on lars-ETH

config.status:1237: creating Makefile
config.status:1237: creating include/Makefile
config.status:1237: creating include/ode/Makefile
config.status:1237: creating include/drawstuff/Makefile
config.status:1237: creating ode/Makefile
config.status:1237: creating ode/src/Makefile
config.status:1237: creating ode/src/joints/Makefile
config.status:1237: creating drawstuff/Makefile
config.status:1237: creating drawstuff/src/Makefile
config.status:1237: creating drawstuff/dstest/Makefile
config.status:1237: creating ode/demo/Makefile
config.status:1237: creating OPCODE/Makefile
config.status:1237: creating OPCODE/Ice/Makefile
config.status:1237: creating GIMPACT/Makefile
config.status:1237: creating GIMPACT/include/Makefile
config.status:1237: creating GIMPACT/include/GIMPACT/Makefile
config.status:1237: creating GIMPACT/src/Makefile
config.status:1237: creating tests/Makefile
config.status:1237: creating tests/UnitTest++/Makefile
config.status:1237: creating tests/UnitTest++/src/Makefile
config.status:1237: creating tests/UnitTest++/src/Posix/Makefile
config.status:1237: creating tests/UnitTest++/src/Win32/Makefile
config.status:1237: creating ode-config
config.status:1237: creating ode.pc
config.status:1237: creating ode/src/config.h
config.status:1457: executing depfiles commands
config.status:1457: executing libtool commands
configure:20150: === configuring in ou (/home/lars/Projekte/svn-lars/trunk/SimBot/ode-0.11.1/ou)
configure:20213: running /bin/bash ./configure --disable-option-checking '--prefix=/usr/local'  --cache-file=/dev/null --srcdir=.

## ---------------- ##
## Cache variables. ##
## ---------------- ##

ac_cv_build=x86_64-unknown-linux-gnu
ac_cv_c_bigendian=no
ac_cv_c_compiler_gnu=yes
ac_cv_c_inline=inline
ac_cv_c_volatile=yes
ac_cv_cxx_compiler_gnu=yes
ac_cv_env_CCC_set=
ac_cv_env_CCC_value=
ac_cv_env_CC_set=
ac_cv_env_CC_value=
ac_cv_env_CFLAGS_set=
ac_cv_env_CFLAGS_value=
ac_cv_env_CPPFLAGS_set=
ac_cv_env_CPPFLAGS_value=
ac_cv_env_CPP_set=
ac_cv_env_CPP_value=
ac_cv_env_CXXCPP_set=
ac_cv_env_CXXCPP_value=
ac_cv_env_CXXFLAGS_set=
ac_cv_env_CXXFLAGS_value=
ac_cv_env_CXX_set=
ac_cv_env_CXX_value=
ac_cv_env_LDFLAGS_set=
ac_cv_env_LDFLAGS_value=
ac_cv_env_LIBS_set=
ac_cv_env_LIBS_value=
ac_cv_env_XMKMF_set=
ac_cv_env_XMKMF_value=
ac_cv_env_build_alias_set=
ac_cv_env_build_alias_value=
ac_cv_env_host_alias_set=
ac_cv_env_host_alias_value=
ac_cv_env_target_alias_set=
ac_cv_env_target_alias_value=
ac_cv_func___isnan=yes
ac_cv_func___isnanf=yes
ac_cv_func__doprnt=no
ac_cv_func__isnan=no
ac_cv_func__isnanf=no
ac_cv_func_alloca_works=yes
ac_cv_func_atan2f=yes
ac_cv_func_connect=yes
ac_cv_func_copysign=yes
ac_cv_func_copysignf=yes
ac_cv_func_cosf=yes
ac_cv_func_fabsf=yes
ac_cv_func_floor=yes
ac_cv_func_fmodf=yes
ac_cv_func_gethostbyname=yes
ac_cv_func_gettimeofday=yes
ac_cv_func_isnan=yes
ac_cv_func_isnanf=yes
ac_cv_func_malloc_0_nonnull=yes
ac_cv_func_memmove=yes
ac_cv_func_memset=yes
ac_cv_func_obstack=yes
ac_cv_func_realloc_0_nonnull=yes
ac_cv_func_remove=yes
ac_cv_func_select=yes
ac_cv_func_select_args='int,fd_set *,struct timeval *'
ac_cv_func_shmat=yes
ac_cv_func_sinf=yes
ac_cv_func_snprintf=yes
ac_cv_func_sqrt=yes
ac_cv_func_sqrtf=yes
ac_cv_func_vprintf=yes
ac_cv_func_vsnprintf=yes
ac_cv_have_x='have_x=yes	ac_x_includes='\'''\''	ac_x_libraries='\'''\'''
ac_cv_header_GL_gl_h=yes
ac_cv_header_GL_glext_h=yes
ac_cv_header_GL_glu_h=yes
ac_cv_header_alloca_h=yes
ac_cv_header_dlfcn_h=yes
ac_cv_header_float_h=yes
ac_cv_header_inttypes_h=yes
ac_cv_header_malloc_h=yes
ac_cv_header_math_h=yes
ac_cv_header_memory_h=yes
ac_cv_header_stdarg_h=yes
ac_cv_header_stdbool_h=yes
ac_cv_header_stdc=yes
ac_cv_header_stdint_h=yes
ac_cv_header_stdio_h=yes
ac_cv_header_stdlib_h=yes
ac_cv_header_string_h=yes
ac_cv_header_strings_h=yes
ac_cv_header_sys_select_h=yes
ac_cv_header_sys_socket_h=yes
ac_cv_header_sys_stat_h=yes
ac_cv_header_sys_time_h=yes
ac_cv_header_sys_types_h=yes
ac_cv_header_time_h=yes
ac_cv_header_unistd_h=yes
ac_cv_host=x86_64-unknown-linux-gnu
ac_cv_lib_GLU_main=yes
ac_cv_lib_GL_main=yes
ac_cv_lib_ICE_IceConnectionNumber=yes
ac_cv_lib_glu32_main=no
ac_cv_lib_m_main=yes
ac_cv_lib_opengl32_main=no
ac_cv_lib_pthread_main=yes
ac_cv_lib_stdcpp_main=yes
ac_cv_lib_sunmath_main=no
ac_cv_objext=o
ac_cv_path_EGREP='/bin/grep -E'
ac_cv_path_FGREP='/bin/grep -F'
ac_cv_path_GREP=/bin/grep
ac_cv_path_SED=/bin/sed
ac_cv_path_install='/usr/bin/install -c'
ac_cv_path_mkdir=/bin/mkdir
ac_cv_prog_AWK=mawk
ac_cv_prog_CPP='gcc -E'
ac_cv_prog_CXXCPP='g++ -E'
ac_cv_prog_ac_ct_AR=ar
ac_cv_prog_ac_ct_CC=gcc
ac_cv_prog_ac_ct_CXX=g++
ac_cv_prog_ac_ct_OBJDUMP=objdump
ac_cv_prog_ac_ct_RANLIB=ranlib
ac_cv_prog_ac_ct_STRIP=strip
ac_cv_prog_cc_c89=
ac_cv_prog_cc_g=yes
ac_cv_prog_cc_gcc_c_o=yes
ac_cv_prog_cxx_g=yes
ac_cv_prog_make_make_set=yes
ac_cv_type__Bool=yes
ac_cv_type_size_t=yes
ac_cv_working_alloca_h=yes
am_cv_CC_dependencies_compiler_type=gcc3
am_cv_CXX_dependencies_compiler_type=gcc3
lt_cv_deplibs_check_method=pass_all
lt_cv_file_magic_cmd='$MAGIC_CMD'
lt_cv_file_magic_test_file=
lt_cv_ld_reload_flag=-r
lt_cv_nm_interface='BSD nm'
lt_cv_objdir=.libs
lt_cv_path_LD=/usr/bin/ld
lt_cv_path_LDCXX='/usr/bin/ld -m elf_x86_64'
lt_cv_path_NM='/usr/bin/nm -B'
lt_cv_prog_compiler_c_o=yes
lt_cv_prog_compiler_c_o_CXX=yes
lt_cv_prog_compiler_pic_works=yes
lt_cv_prog_compiler_pic_works_CXX=yes
lt_cv_prog_compiler_rtti_exceptions=no
lt_cv_prog_compiler_static_works=yes
lt_cv_prog_compiler_static_works_CXX=yes
lt_cv_prog_gnu_ld=yes
lt_cv_prog_gnu_ldcxx=yes
lt_cv_sys_global_symbol_pipe='sed -n -e '\''s/^.*[	 ]\([ABCDGIRSTW][ABCDGIRSTW]*\)[	 ][	 ]*\([_A-Za-z][_A-Za-z0-9]*\)$/\1 \2 \2/p'\'''
lt_cv_sys_global_symbol_to_c_name_address='sed -n -e '\''s/^: \([^ ]*\) $/  {\"\1\", (void *) 0},/p'\'' -e '\''s/^[ABCDGIRSTW]* \([^ ]*\) \([^ ]*\)$/  {"\2", (void *) \&\2},/p'\'''
lt_cv_sys_global_symbol_to_c_name_address_lib_prefix='sed -n -e '\''s/^: \([^ ]*\) $/  {\"\1\", (void *) 0},/p'\'' -e '\''s/^[ABCDGIRSTW]* \([^ ]*\) \(lib[^ ]*\)$/  {"\2", (void *) \&\2},/p'\'' -e '\''s/^[ABCDGIRSTW]* \([^ ]*\) \([^ ]*\)$/  {"lib\2", (void *) \&\2},/p'\'''
lt_cv_sys_global_symbol_to_cdecl='sed -n -e '\''s/^T .* \(.*\)$/extern int \1();/p'\'' -e '\''s/^[ABCDGIRSTW]* .* \(.*\)$/extern char \1;/p'\'''
lt_cv_sys_max_cmd_len=1572864

## ----------------- ##
## Output variables. ##
## ----------------- ##

ACLOCAL='${SHELL} /home/lars/Projekte/svn-lars/trunk/SimBot/ode-0.11.1/missing --run aclocal-1.11'
ALLOCA=''
AMDEPBACKSLASH='\'
AMDEP_FALSE='#'
AMDEP_TRUE=''
AMTAR='${SHELL} /home/lars/Projekte/svn-lars/trunk/SimBot/ode-0.11.1/missing --run tar'
AR='ar'
AS='as'
AUTOCONF='${SHELL} /home/lars/Projekte/svn-lars/trunk/SimBot/ode-0.11.1/missing --run autoconf'
AUTOHEADER='${SHELL} /home/lars/Projekte/svn-lars/trunk/SimBot/ode-0.11.1/missing --run autoheader'
AUTOMAKE='${SHELL} /home/lars/Projekte/svn-lars/trunk/SimBot/ode-0.11.1/missing --run automake-1.11'
AWK='mawk'
CC='gcc'
CCDEPMODE='depmode=gcc3'
CFLAGS='-g -O2'
CPP='gcc -E'
CPPFLAGS=' -DdSINGLE'
CXX='g++'
CXXCPP='g++ -E'
CXXDEPMODE='depmode=gcc3'
CXXFLAGS='-g -O2'
CYGPATH_W='echo'
DEFS='-DHAVE_CONFIG_H'
DEPDIR='.deps'
DLLTOOL='dlltool'
DSYMUTIL=''
DUMPBIN=''
ECHO_C=''
ECHO_N='-n'
ECHO_T=''
EGREP='/bin/grep -E'
ENABLE_DEMOS_FALSE='#'
ENABLE_DEMOS_TRUE=''
ENABLE_DRAWSTUFF_FALSE='#'
ENABLE_DRAWSTUFF_TRUE=''
ENABLE_OU_FALSE=''
ENABLE_OU_TRUE='#'
EXEEXT=''
EXTRA_LIBTOOL_LDFLAGS=''
FGREP='/bin/grep -F'
GIMPACT_FALSE=''
GIMPACT_TRUE='#'
GL_LIBS='-lGLU -lGL'
GREP='/bin/grep'
INSTALL_DATA='${INSTALL} -m 644'
INSTALL_PROGRAM='${INSTALL}'
INSTALL_SCRIPT='${INSTALL}'
INSTALL_STRIP_PROGRAM='$(install_sh) -c -s'
LD='/usr/bin/ld -m elf_x86_64'
LDFLAGS=''
LIBOBJS=''
LIBS='-lm  -lpthread'
LIBSTDCXX='-lstdc++'
LIBTOOL='$(SHELL) $(top_builddir)/libtool'
LIPO=''
LN_S='ln -s'
LTLIBOBJS=''
MAKEINFO='${SHELL} /home/lars/Projekte/svn-lars/trunk/SimBot/ode-0.11.1/missing --run makeinfo'
MKDIR_P='/bin/mkdir -p'
NM='/usr/bin/nm -B'
NMEDIT=''
OBJDUMP='objdump'
OBJEXT='o'
ODE_PRECISION='-DdSINGLE'
ODE_RELEASE='0.11.1'
ODE_VERSION_INFO='-version-info 2:1:1'
OPCODE_FALSE='#'
OPCODE_TRUE=''
OSX_FALSE=''
OSX_TRUE='#'
OTOOL64=''
OTOOL=''
PACKAGE='ode'
PACKAGE_BUGREPORT='ode@ode.org'
PACKAGE_NAME='ODE'
PACKAGE_STRING='ODE 0.11.1'
PACKAGE_TARNAME='ode'
PACKAGE_URL=''
PACKAGE_VERSION='0.11.1'
PATH_SEPARATOR=':'
RANLIB='ranlib'
SED='/bin/sed'
SET_MAKE=''
SHELL='/bin/bash'
STRIP='strip'
TRIMESH_FALSE='#'
TRIMESH_TRUE=''
VERSION='0.11.1'
WIN32_FALSE=''
WIN32_TRUE='#'
WINDRES=''
X11_FALSE='#'
X11_TRUE=''
X86_64_SYSTEM_FALSE='#'
X86_64_SYSTEM_TRUE=''
XMKMF=''
X_CFLAGS=''
X_EXTRA_LIBS=''
X_LIBS=''
X_PRE_LIBS=' -lSM -lICE'
ac_ct_CC='gcc'
ac_ct_CXX='g++'
ac_ct_DUMPBIN=''
ac_ct_WINDRES=''
am__EXEEXT_FALSE=''
am__EXEEXT_TRUE='#'
am__fastdepCC_FALSE='#'
am__fastdepCC_TRUE=''
am__fastdepCXX_FALSE='#'
am__fastdepCXX_TRUE=''
am__include='include'
am__isrc=''
am__leading_dot='.'
am__quote=''
am__tar='${AMTAR} chof - "$$tardir"'
am__untar='${AMTAR} xf -'
bindir='${exec_prefix}/bin'
build='x86_64-unknown-linux-gnu'
build_alias=''
build_cpu='x86_64'
build_os='linux-gnu'
build_vendor='unknown'
datadir='${datarootdir}'
datarootdir='${prefix}/share'
docdir='${datarootdir}/doc/${PACKAGE_TARNAME}'
dvidir='${docdir}'
exec_prefix='${prefix}'
host='x86_64-unknown-linux-gnu'
host_alias=''
host_cpu='x86_64'
host_os='linux-gnu'
host_vendor='unknown'
htmldir='${docdir}'
includedir='${prefix}/include'
infodir='${datarootdir}/info'
install_sh='${SHELL} /home/lars/Projekte/svn-lars/trunk/SimBot/ode-0.11.1/install-sh'
libdir='${exec_prefix}/lib'
libexecdir='${exec_prefix}/libexec'
localedir='${datarootdir}/locale'
localstatedir='${prefix}/var'
lt_ECHO='echo'
mandir='${datarootdir}/man'
mkdir_p='/bin/mkdir -p'
oldincludedir='/usr/include'
pdfdir='${docdir}'
prefix='/usr/local'
program_transform_name='s,x,x,'
psdir='${docdir}'
sbindir='${exec_prefix}/sbin'
sharedstatedir='${prefix}/com'
subdirs=' ou'
sysconfdir='${prefix}/etc'
target_alias=''

## ----------- ##
## confdefs.h. ##
## ----------- ##

/* confdefs.h */
#define PACKAGE_NAME "ODE"
#define PACKAGE_TARNAME "ode"
#define PACKAGE_VERSION "0.11.1"
#define PACKAGE_STRING "ODE 0.11.1"
#define PACKAGE_BUGREPORT "ode@ode.org"
#define PACKAGE_URL ""
#define PACKAGE "ode"
#define VERSION "0.11.1"
#define STDC_HEADERS 1
#define HAVE_SYS_TYPES_H 1
#define HAVE_SYS_STAT_H 1
#define HAVE_STDLIB_H 1
#define HAVE_STRING_H 1
#define HAVE_MEMORY_H 1
#define HAVE_STRINGS_H 1
#define HAVE_INTTYPES_H 1
#define HAVE_STDINT_H 1
#define HAVE_UNISTD_H 1
#define HAVE_DLFCN_H 1
#define LT_OBJDIR ".libs/"
#define HAVE__BOOL 1
#define HAVE_STDBOOL_H 1
#define X86_64_SYSTEM 1
#define HAVE_ALLOCA_H 1
#define HAVE_STDIO_H 1
#define HAVE_STDINT_H 1
#define HAVE_STDLIB_H 1
#define HAVE_MATH_H 1
#define HAVE_STRING_H 1
#define HAVE_STDARG_H 1
#define HAVE_MALLOC_H 1
#define HAVE_FLOAT_H 1
#define HAVE_TIME_H 1
#define HAVE_SYS_TIME_H 1
#define HAVE_GL_GL_H 1
#define HAVE_GL_GLU_H 1
#define HAVE_GL_GLEXT_H 1
#define HAVE_LIBM 1
#define HAVE_FLOOR 1
#define HAVE_MEMMOVE 1
#define HAVE_MEMSET 1
#define HAVE_SELECT 1
#define HAVE_SQRT 1
#define HAVE_SQRTF 1
#define HAVE_SINF 1
#define HAVE_COSF 1
#define HAVE_FABSF 1
#define HAVE_ATAN2F 1
#define HAVE_FMODF 1
#define HAVE_COPYSIGNF 1
#define HAVE_COPYSIGN 1
#define HAVE_SNPRINTF 1
#define HAVE_VSNPRINTF 1
#define HAVE_GETTIMEOFDAY 1
#define HAVE_ISNAN 1
#define HAVE_ISNANF 1
#define HAVE___ISNAN 1
#define HAVE___ISNANF 1
#define HAVE_ALLOCA_H 1
#define HAVE_ALLOCA 1
#define HAVE_STDLIB_H 1
#define HAVE_MALLOC 1
#define HAVE_OBSTACK 1
#define HAVE_STDLIB_H 1
#define HAVE_REALLOC 1
#define HAVE_SYS_SELECT_H 1
#define HAVE_SYS_SOCKET_H 1
#define SELECT_TYPE_ARG1 int
#define SELECT_TYPE_ARG234 (fd_set *)
#define SELECT_TYPE_ARG5 (struct timeval *)
#define HAVE_VPRINTF 1

configure: exit 0
