This file contains any messages produced by compilers while
running configure, to aid debugging if configure makes a mistake.

It was created by ou configure 0, which was
generated by GNU Autoconf 2.65.  Invocation command line was

  $ ./configure --disable-option-checking --prefix=/usr/local --cache-file=/dev/null --srcdir=.

## --------- ##
## Platform. ##
## --------- ##

hostname = lars-ETH
uname -m = x86_64
uname -r = 2.6.35-25-generic
uname -s = Linux
uname -v = #44-Ubuntu SMP Fri Jan 21 17:40:44 UTC 2011

/usr/bin/uname -p = unknown
/bin/uname -X     = unknown

/bin/arch              = unknown
/usr/bin/arch -k       = unknown
/usr/convex/getsysinfo = unknown
/usr/bin/hostinfo      = unknown
/bin/machine           = unknown
/usr/bin/oslevel       = unknown
/bin/universe          = unknown

PATH: /usr/local/sbin
PATH: /usr/local/bin
PATH: /usr/sbin
PATH: /usr/bin
PATH: /sbin
PATH: /bin
PATH: /usr/games


## ----------- ##
## Core tests. ##
## ----------- ##

configure:2660: checking build system type
configure:2674: result: x86_64-unknown-linux-gnu
configure:2694: checking host system type
configure:2707: result: x86_64-unknown-linux-gnu
configure:2775: checking for gcc
configure:2791: found /usr/bin/gcc
configure:2802: result: gcc
configure:3031: checking for C compiler version
configure:3040: gcc --version >&5
gcc (Ubuntu/Linaro 4.4.4-14ubuntu5) 4.4.5
Copyright (C) 2010 Free Software Foundation, Inc.
This is free software; see the source for copying conditions.  There is NO
warranty; not even for MERCHANTABILITY or FITNESS FOR A PARTICULAR PURPOSE.

configure:3051: $? = 0
configure:3040: gcc -v >&5
Using built-in specs.
Target: x86_64-linux-gnu
Configured with: ../src/configure -v --with-pkgversion='Ubuntu/Linaro 4.4.4-14ubuntu5' --with-bugurl=file:///usr/share/doc/gcc-4.4/README.Bugs --enable-languages=c,c++,fortran,objc,obj-c++ --prefix=/usr --program-suffix=-4.4 --enable-shared --enable-multiarch --enable-linker-build-id --with-system-zlib --libexecdir=/usr/lib --without-included-gettext --enable-threads=posix --with-gxx-include-dir=/usr/include/c++/4.4 --libdir=/usr/lib --enable-nls --with-sysroot=/ --enable-clocale=gnu --enable-libstdcxx-debug --enable-objc-gc --disable-werror --with-arch-32=i686 --with-tune=generic --enable-checking=release --build=x86_64-linux-gnu --host=x86_64-linux-gnu --target=x86_64-linux-gnu
Thread model: posix
gcc version 4.4.5 (Ubuntu/Linaro 4.4.4-14ubuntu5) 
configure:3051: $? = 0
configure:3040: gcc -V >&5
gcc: '-V' option must have argument
configure:3051: $? = 1
configure:3040: gcc -qversion >&5
gcc: unrecognized option '-qversion'
gcc: no input files
configure:3051: $? = 1
configure:3071: checking whether the C compiler works
configure:3093: gcc    conftest.c  >&5
configure:3097: $? = 0
configure:3146: result: yes
configure:3149: checking for C compiler default output file name
configure:3151: result: a.out
configure:3157: checking for suffix of executables
configure:3164: gcc -o conftest    conftest.c  >&5
configure:3168: $? = 0
configure:3190: result: 
configure:3212: checking whether we are cross compiling
configure:3220: gcc -o conftest    conftest.c  >&5
configure:3224: $? = 0
configure:3231: ./conftest
configure:3235: $? = 0
configure:3250: result: no
configure:3255: checking for suffix of object files
configure:3277: gcc -c   conftest.c >&5
configure:3281: $? = 0
configure:3302: result: o
configure:3306: checking whether we are using the GNU C compiler
configure:3325: gcc -c   conftest.c >&5
configure:3325: $? = 0
configure:3334: result: yes
configure:3343: checking whether gcc accepts -g
configure:3363: gcc -c -g  conftest.c >&5
configure:3363: $? = 0
configure:3404: result: yes
configure:3421: checking for gcc option to accept ISO C89
configure:3485: gcc  -c -g -O2  conftest.c >&5
configure:3485: $? = 0
configure:3498: result: none needed
configure:3524: checking how to run the C preprocessor
configure:3555: gcc -E  conftest.c
configure:3555: $? = 0
configure:3569: gcc -E  conftest.c
conftest.c:9: fatal error: ac_nonexistent.h: No such file or directory
compilation terminated.
configure:3569: $? = 1
configure: failed program was:
| /* confdefs.h */
| #define PACKAGE_NAME "ou"
| #define PACKAGE_TARNAME "ou"
| #define PACKAGE_VERSION "0"
| #define PACKAGE_STRING "ou 0"
| #define PACKAGE_BUGREPORT "oleh_derevenko@users.sourceforge.net"
| #define PACKAGE_URL ""
| /* end confdefs.h.  */
| #include <ac_nonexistent.h>
configure:3594: result: gcc -E
configure:3614: gcc -E  conftest.c
configure:3614: $? = 0
configure:3628: gcc -E  conftest.c
conftest.c:9: fatal error: ac_nonexistent.h: No such file or directory
compilation terminated.
configure:3628: $? = 1
configure: failed program was:
| /* confdefs.h */
| #define PACKAGE_NAME "ou"
| #define PACKAGE_TARNAME "ou"
| #define PACKAGE_VERSION "0"
| #define PACKAGE_STRING "ou 0"
| #define PACKAGE_BUGREPORT "oleh_derevenko@users.sourceforge.net"
| #define PACKAGE_URL ""
| /* end confdefs.h.  */
| #include <ac_nonexistent.h>
configure:3657: checking for grep that handles long lines and -e
configure:3715: result: /bin/grep
configure:3720: checking for egrep
configure:3782: result: /bin/grep -E
configure:3787: checking for ANSI C header files
configure:3807: gcc -c -g -O2  conftest.c >&5
configure:3807: $? = 0
configure:3880: gcc -o conftest -g -O2   conftest.c  >&5
configure:3880: $? = 0
configure:3880: ./conftest
configure:3880: $? = 0
configure:3891: result: yes
configure:3904: checking for sys/types.h
configure:3904: gcc -c -g -O2  conftest.c >&5
configure:3904: $? = 0
configure:3904: result: yes
configure:3904: checking for sys/stat.h
configure:3904: gcc -c -g -O2  conftest.c >&5
configure:3904: $? = 0
configure:3904: result: yes
configure:3904: checking for stdlib.h
configure:3904: gcc -c -g -O2  conftest.c >&5
configure:3904: $? = 0
configure:3904: result: yes
configure:3904: checking for string.h
configure:3904: gcc -c -g -O2  conftest.c >&5
configure:3904: $? = 0
configure:3904: result: yes
configure:3904: checking for memory.h
configure:3904: gcc -c -g -O2  conftest.c >&5
configure:3904: $? = 0
configure:3904: result: yes
configure:3904: checking for strings.h
configure:3904: gcc -c -g -O2  conftest.c >&5
configure:3904: $? = 0
configure:3904: result: yes
configure:3904: checking for inttypes.h
configure:3904: gcc -c -g -O2  conftest.c >&5
configure:3904: $? = 0
configure:3904: result: yes
configure:3904: checking for stdint.h
configure:3904: gcc -c -g -O2  conftest.c >&5
configure:3904: $? = 0
configure:3904: result: yes
configure:3904: checking for unistd.h
configure:3904: gcc -c -g -O2  conftest.c >&5
configure:3904: $? = 0
configure:3904: result: yes
configure:3918: checking minix/config.h usability
configure:3918: gcc -c -g -O2  conftest.c >&5
conftest.c:52: fatal error: minix/config.h: No such file or directory
compilation terminated.
configure:3918: $? = 1
configure: failed program was:
| /* confdefs.h */
| #define PACKAGE_NAME "ou"
| #define PACKAGE_TARNAME "ou"
| #define PACKAGE_VERSION "0"
| #define PACKAGE_STRING "ou 0"
| #define PACKAGE_BUGREPORT "oleh_derevenko@users.sourceforge.net"
| #define PACKAGE_URL ""
| #define STDC_HEADERS 1
| #define HAVE_SYS_TYPES_H 1
| #define HAVE_SYS_STAT_H 1
| #define HAVE_STDLIB_H 1
| #define HAVE_STRING_H 1
| #define HAVE_MEMORY_H 1
| #define HAVE_STRINGS_H 1
| #define HAVE_INTTYPES_H 1
| #define HAVE_STDINT_H 1
| #define HAVE_UNISTD_H 1
| /* end confdefs.h.  */
| #include <stdio.h>
| #ifdef HAVE_SYS_TYPES_H
| # include <sys/types.h>
| #endif
| #ifdef HAVE_SYS_STAT_H
| # include <sys/stat.h>
| #endif
| #ifdef STDC_HEADERS
| # include <stdlib.h>
| # include <stddef.h>
| #else
| # ifdef HAVE_STDLIB_H
| #  include <stdlib.h>
| # endif
| #endif
| #ifdef HAVE_STRING_H
| # if !defined STDC_HEADERS && defined HAVE_MEMORY_H
| #  include <memory.h>
| # endif
| # include <string.h>
| #endif
| #ifdef HAVE_STRINGS_H
| # include <strings.h>
| #endif
| #ifdef HAVE_INTTYPES_H
| # include <inttypes.h>
| #endif
| #ifdef HAVE_STDINT_H
| # include <stdint.h>
| #endif
| #ifdef HAVE_UNISTD_H
| # include <unistd.h>
| #endif
| #include <minix/config.h>
configure:3918: result: no
configure:3918: checking minix/config.h presence
configure:3918: gcc -E  conftest.c
conftest.c:19: fatal error: minix/config.h: No such file or directory
compilation terminated.
configure:3918: $? = 1
configure: failed program was:
| /* confdefs.h */
| #define PACKAGE_NAME "ou"
| #define PACKAGE_TARNAME "ou"
| #define PACKAGE_VERSION "0"
| #define PACKAGE_STRING "ou 0"
| #define PACKAGE_BUGREPORT "oleh_derevenko@users.sourceforge.net"
| #define PACKAGE_URL ""
| #define STDC_HEADERS 1
| #define HAVE_SYS_TYPES_H 1
| #define HAVE_SYS_STAT_H 1
| #define HAVE_STDLIB_H 1
| #define HAVE_STRING_H 1
| #define HAVE_MEMORY_H 1
| #define HAVE_STRINGS_H 1
| #define HAVE_INTTYPES_H 1
| #define HAVE_STDINT_H 1
| #define HAVE_UNISTD_H 1
| /* end confdefs.h.  */
| #include <minix/config.h>
configure:3918: result: no
configure:3918: checking for minix/config.h
configure:3918: result: no
configure:3939: checking whether it is safe to define __EXTENSIONS__
configure:3957: gcc -c -g -O2  conftest.c >&5
configure:3957: $? = 0
configure:3964: result: yes
configure:3994: checking for a BSD-compatible install
configure:4062: result: /usr/bin/install -c
configure:4073: checking whether build environment is sane
configure:4123: result: yes
configure:4264: checking for a thread-safe mkdir -p
configure:4303: result: /bin/mkdir -p
configure:4316: checking for gawk
configure:4346: result: no
configure:4316: checking for mawk
configure:4332: found /usr/bin/mawk
configure:4343: result: mawk
configure:4354: checking whether make sets $(MAKE)
configure:4376: result: yes
configure:4406: checking for style of include used by make
configure:4434: result: GNU
configure:4519: checking dependency style of gcc
configure:4629: result: gcc3
configure:4646: checking target OS
configure:4677: result: unix
configure:4747: checking for g++
configure:4763: found /usr/bin/g++
configure:4774: result: g++
configure:4801: checking for C++ compiler version
configure:4810: g++ --version >&5
g++ (Ubuntu/Linaro 4.4.4-14ubuntu5) 4.4.5
Copyright (C) 2010 Free Software Foundation, Inc.
This is free software; see the source for copying conditions.  There is NO
warranty; not even for MERCHANTABILITY or FITNESS FOR A PARTICULAR PURPOSE.

configure:4821: $? = 0
configure:4810: g++ -v >&5
Using built-in specs.
Target: x86_64-linux-gnu
Configured with: ../src/configure -v --with-pkgversion='Ubuntu/Linaro 4.4.4-14ubuntu5' --with-bugurl=file:///usr/share/doc/gcc-4.4/README.Bugs --enable-languages=c,c++,fortran,objc,obj-c++ --prefix=/usr --program-suffix=-4.4 --enable-shared --enable-multiarch --enable-linker-build-id --with-system-zlib --libexecdir=/usr/lib --without-included-gettext --enable-threads=posix --with-gxx-include-dir=/usr/include/c++/4.4 --libdir=/usr/lib --enable-nls --with-sysroot=/ --enable-clocale=gnu --enable-libstdcxx-debug --enable-objc-gc --disable-werror --with-arch-32=i686 --with-tune=generic --enable-checking=release --build=x86_64-linux-gnu --host=x86_64-linux-gnu --target=x86_64-linux-gnu
Thread model: posix
gcc version 4.4.5 (Ubuntu/Linaro 4.4.4-14ubuntu5) 
configure:4821: $? = 0
configure:4810: g++ -V >&5
g++: '-V' option must have argument
configure:4821: $? = 1
configure:4810: g++ -qversion >&5
g++: unrecognized option '-qversion'
g++: no input files
configure:4821: $? = 1
configure:4825: checking whether we are using the GNU C++ compiler
configure:4844: g++ -c   conftest.cpp >&5
configure:4844: $? = 0
configure:4853: result: yes
configure:4862: checking whether g++ accepts -g
configure:4882: g++ -c -g  conftest.cpp >&5
configure:4882: $? = 0
configure:4923: result: yes
configure:4948: checking dependency style of g++
configure:5058: result: gcc3
configure:5121: checking for gcc
configure:5148: result: gcc
configure:5377: checking for C compiler version
configure:5386: gcc --version >&5
gcc (Ubuntu/Linaro 4.4.4-14ubuntu5) 4.4.5
Copyright (C) 2010 Free Software Foundation, Inc.
This is free software; see the source for copying conditions.  There is NO
warranty; not even for MERCHANTABILITY or FITNESS FOR A PARTICULAR PURPOSE.

configure:5397: $? = 0
configure:5386: gcc -v >&5
Using built-in specs.
Target: x86_64-linux-gnu
Configured with: ../src/configure -v --with-pkgversion='Ubuntu/Linaro 4.4.4-14ubuntu5' --with-bugurl=file:///usr/share/doc/gcc-4.4/README.Bugs --enable-languages=c,c++,fortran,objc,obj-c++ --prefix=/usr --program-suffix=-4.4 --enable-shared --enable-multiarch --enable-linker-build-id --with-system-zlib --libexecdir=/usr/lib --without-included-gettext --enable-threads=posix --with-gxx-include-dir=/usr/include/c++/4.4 --libdir=/usr/lib --enable-nls --with-sysroot=/ --enable-clocale=gnu --enable-libstdcxx-debug --enable-objc-gc --disable-werror --with-arch-32=i686 --with-tune=generic --enable-checking=release --build=x86_64-linux-gnu --host=x86_64-linux-gnu --target=x86_64-linux-gnu
Thread model: posix
gcc version 4.4.5 (Ubuntu/Linaro 4.4.4-14ubuntu5) 
configure:5397: $? = 0
configure:5386: gcc -V >&5
gcc: '-V' option must have argument
configure:5397: $? = 1
configure:5386: gcc -qversion >&5
gcc: unrecognized option '-qversion'
gcc: no input files
configure:5397: $? = 1
configure:5401: checking whether we are using the GNU C compiler
configure:5429: result: yes
configure:5438: checking whether gcc accepts -g
configure:5499: result: yes
configure:5516: checking for gcc option to accept ISO C89
configure:5593: result: none needed
configure:5617: checking for gawk
configure:5644: result: mawk
configure:5699: checking for ranlib
configure:5715: found /usr/bin/ranlib
configure:5726: result: ranlib
configure:5753: checking how to run the C preprocessor
configure:5823: result: gcc -E
configure:5843: gcc -E  conftest.c
configure:5843: $? = 0
configure:5857: gcc -E  conftest.c
conftest.c:26: fatal error: ac_nonexistent.h: No such file or directory
compilation terminated.
configure:5857: $? = 1
configure: failed program was:
| /* confdefs.h */
| #define PACKAGE_NAME "ou"
| #define PACKAGE_TARNAME "ou"
| #define PACKAGE_VERSION "0"
| #define PACKAGE_STRING "ou 0"
| #define PACKAGE_BUGREPORT "oleh_derevenko@users.sourceforge.net"
| #define PACKAGE_URL ""
| #define STDC_HEADERS 1
| #define HAVE_SYS_TYPES_H 1
| #define HAVE_SYS_STAT_H 1
| #define HAVE_STDLIB_H 1
| #define HAVE_STRING_H 1
| #define HAVE_MEMORY_H 1
| #define HAVE_STRINGS_H 1
| #define HAVE_INTTYPES_H 1
| #define HAVE_STDINT_H 1
| #define HAVE_UNISTD_H 1
| #define __EXTENSIONS__ 1
| #define _ALL_SOURCE 1
| #define _GNU_SOURCE 1
| #define _POSIX_PTHREAD_SEMANTICS 1
| #define _TANDEM_SOURCE 1
| #define PACKAGE "ou"
| #define VERSION "0"
| /* end confdefs.h.  */
| #include <ac_nonexistent.h>
configure:6214: checking for a sed that does not truncate output
configure:6278: result: /bin/sed
configure:6296: checking for fgrep
configure:6358: result: /bin/grep -F
configure:6393: checking for ld used by gcc
configure:6460: result: /usr/bin/ld
configure:6467: checking if the linker (/usr/bin/ld) is GNU ld
configure:6482: result: yes
configure:6494: checking for BSD- or MS-compatible name lister (nm)
configure:6543: result: /usr/bin/nm -B
configure:6661: checking the name lister (/usr/bin/nm -B) interface
configure:6668: gcc -c -g -O2  conftest.c >&5
configure:6671: /usr/bin/nm -B "conftest.o"
configure:6674: output
0000000000000000 B some_variable
configure:6681: result: BSD nm
configure:6684: checking whether ln -s works
configure:6688: result: yes
configure:6696: checking the maximum length of command line arguments
configure:6816: result: 1572864
configure:6833: checking whether the shell understands some XSI constructs
configure:6843: result: yes
configure:6847: checking whether the shell understands "+="
configure:6853: result: yes
configure:6888: checking for /usr/bin/ld option to reload object files
configure:6895: result: -r
configure:6964: checking for objdump
configure:6991: result: objdump
configure:7020: checking how to recognize dependent libraries
configure:7216: result: pass_all
configure:7276: checking for ar
configure:7292: found /usr/bin/ar
configure:7303: result: ar
configure:7381: checking for strip
configure:7397: found /usr/bin/strip
configure:7408: result: strip
configure:7480: checking for ranlib
configure:7507: result: ranlib
configure:7597: checking command to parse /usr/bin/nm -B output from gcc object
configure:7715: gcc -c -g -O2  conftest.c >&5
configure:7718: $? = 0
configure:7722: /usr/bin/nm -B conftest.o \| sed -n -e 's/^.*[	 ]\([ABCDGIRSTW][ABCDGIRSTW]*\)[	 ][	 ]*\([_A-Za-z][_A-Za-z0-9]*\)$/\1 \2 \2/p' \> conftest.nm
configure:7725: $? = 0
configure:7779: gcc -o conftest -g -O2   conftest.c conftstm.o >&5
configure:7782: $? = 0
configure:7820: result: ok
configure:7915: gcc -c -g -O2  conftest.c >&5
configure:7918: $? = 0
configure:8625: checking for dlfcn.h
configure:8625: gcc -c -g -O2  conftest.c >&5
configure:8625: $? = 0
configure:8625: result: yes
configure:8750: checking for C++ compiler version
configure:8759: g++ --version >&5
g++ (Ubuntu/Linaro 4.4.4-14ubuntu5) 4.4.5
Copyright (C) 2010 Free Software Foundation, Inc.
This is free software; see the source for copying conditions.  There is NO
warranty; not even for MERCHANTABILITY or FITNESS FOR A PARTICULAR PURPOSE.

configure:8770: $? = 0
configure:8759: g++ -v >&5
Using built-in specs.
Target: x86_64-linux-gnu
Configured with: ../src/configure -v --with-pkgversion='Ubuntu/Linaro 4.4.4-14ubuntu5' --with-bugurl=file:///usr/share/doc/gcc-4.4/README.Bugs --enable-languages=c,c++,fortran,objc,obj-c++ --prefix=/usr --program-suffix=-4.4 --enable-shared --enable-multiarch --enable-linker-build-id --with-system-zlib --libexecdir=/usr/lib --without-included-gettext --enable-threads=posix --with-gxx-include-dir=/usr/include/c++/4.4 --libdir=/usr/lib --enable-nls --with-sysroot=/ --enable-clocale=gnu --enable-libstdcxx-debug --enable-objc-gc --disable-werror --with-arch-32=i686 --with-tune=generic --enable-checking=release --build=x86_64-linux-gnu --host=x86_64-linux-gnu --target=x86_64-linux-gnu
Thread model: posix
gcc version 4.4.5 (Ubuntu/Linaro 4.4.4-14ubuntu5) 
configure:8770: $? = 0
configure:8759: g++ -V >&5
g++: '-V' option must have argument
configure:8770: $? = 1
configure:8759: g++ -qversion >&5
g++: unrecognized option '-qversion'
g++: no input files
configure:8770: $? = 1
configure:8774: checking whether we are using the GNU C++ compiler
configure:8802: result: yes
configure:8811: checking whether g++ accepts -g
configure:8872: result: yes
configure:8897: checking dependency style of g++
configure:9007: result: gcc3
configure:9030: checking how to run the C++ preprocessor
configure:9057: g++ -E  conftest.cpp
configure:9057: $? = 0
configure:9071: g++ -E  conftest.cpp
conftest.cpp:27: fatal error: ac_nonexistent.h: No such file or directory
compilation terminated.
configure:9071: $? = 1
configure: failed program was:
| /* confdefs.h */
| #define PACKAGE_NAME "ou"
| #define PACKAGE_TARNAME "ou"
| #define PACKAGE_VERSION "0"
| #define PACKAGE_STRING "ou 0"
| #define PACKAGE_BUGREPORT "oleh_derevenko@users.sourceforge.net"
| #define PACKAGE_URL ""
| #define STDC_HEADERS 1
| #define HAVE_SYS_TYPES_H 1
| #define HAVE_SYS_STAT_H 1
| #define HAVE_STDLIB_H 1
| #define HAVE_STRING_H 1
| #define HAVE_MEMORY_H 1
| #define HAVE_STRINGS_H 1
| #define HAVE_INTTYPES_H 1
| #define HAVE_STDINT_H 1
| #define HAVE_UNISTD_H 1
| #define __EXTENSIONS__ 1
| #define _ALL_SOURCE 1
| #define _GNU_SOURCE 1
| #define _POSIX_PTHREAD_SEMANTICS 1
| #define _TANDEM_SOURCE 1
| #define PACKAGE "ou"
| #define VERSION "0"
| #define HAVE_DLFCN_H 1
| /* end confdefs.h.  */
| #include <ac_nonexistent.h>
configure:9096: result: g++ -E
configure:9116: g++ -E  conftest.cpp
configure:9116: $? = 0
configure:9130: g++ -E  conftest.cpp
conftest.cpp:27: fatal error: ac_nonexistent.h: No such file or directory
compilation terminated.
configure:9130: $? = 1
configure: failed program was:
| /* confdefs.h */
| #define PACKAGE_NAME "ou"
| #define PACKAGE_TARNAME "ou"
| #define PACKAGE_VERSION "0"
| #define PACKAGE_STRING "ou 0"
| #define PACKAGE_BUGREPORT "oleh_derevenko@users.sourceforge.net"
| #define PACKAGE_URL ""
| #define STDC_HEADERS 1
| #define HAVE_SYS_TYPES_H 1
| #define HAVE_SYS_STAT_H 1
| #define HAVE_STDLIB_H 1
| #define HAVE_STRING_H 1
| #define HAVE_MEMORY_H 1
| #define HAVE_STRINGS_H 1
| #define HAVE_INTTYPES_H 1
| #define HAVE_STDINT_H 1
| #define HAVE_UNISTD_H 1
| #define __EXTENSIONS__ 1
| #define _ALL_SOURCE 1
| #define _GNU_SOURCE 1
| #define _POSIX_PTHREAD_SEMANTICS 1
| #define _TANDEM_SOURCE 1
| #define PACKAGE "ou"
| #define VERSION "0"
| #define HAVE_DLFCN_H 1
| /* end confdefs.h.  */
| #include <ac_nonexistent.h>
configure:9334: checking for objdir
configure:9349: result: .libs
configure:9641: checking if gcc supports -fno-rtti -fno-exceptions
configure:9659: gcc -c -g -O2  -fno-rtti -fno-exceptions conftest.c >&5
cc1: warning: command line option "-fno-rtti" is valid for C++/ObjC++ but not for C
configure:9663: $? = 0
configure:9676: result: no
configure:9696: checking for gcc option to produce PIC
configure:9968: result: -fPIC -DPIC
configure:9980: checking if gcc PIC flag -fPIC -DPIC works
configure:9998: gcc -c -g -O2  -fPIC -DPIC -DPIC conftest.c >&5
configure:10002: $? = 0
configure:10015: result: yes
configure:10039: checking if gcc static flag -static works
configure:10067: result: yes
configure:10082: checking if gcc supports -c -o file.o
configure:10103: gcc -c -g -O2  -o out/conftest2.o conftest.c >&5
configure:10107: $? = 0
configure:10129: result: yes
configure:10137: checking if gcc supports -c -o file.o
configure:10184: result: yes
configure:10217: checking whether the gcc linker (/usr/bin/ld -m elf_x86_64) supports shared libraries
configure:11208: result: yes
configure:11245: checking whether -lc should be explicitly linked in
configure:11250: gcc -c -g -O2  conftest.c >&5
configure:11253: $? = 0
configure:11268: gcc -shared conftest.o  -v -Wl,-soname -Wl,conftest -o conftest 2\>\&1 \| /bin/grep  -lc  \>/dev/null 2\>\&1
configure:11271: $? = 0
configure:11283: result: no
configure:11447: checking dynamic linker characteristics
configure:11880: gcc -o conftest -g -O2   -Wl,-rpath -Wl,/foo conftest.c  >&5
configure:11880: $? = 0
configure:12110: result: GNU/Linux ld.so
configure:12212: checking how to hardcode library paths into programs
configure:12237: result: immediate
configure:12757: checking whether stripping libraries is possible
configure:12762: result: yes
configure:12797: checking if libtool supports shared libraries
configure:12799: result: yes
configure:12802: checking whether to build shared libraries
configure:12823: result: yes
configure:12826: checking whether to build static libraries
configure:12830: result: yes
configure:12980: checking for ld used by g++
configure:13047: result: /usr/bin/ld -m elf_x86_64
configure:13054: checking if the linker (/usr/bin/ld -m elf_x86_64) is GNU ld
configure:13069: result: yes
configure:13124: checking whether the g++ linker (/usr/bin/ld -m elf_x86_64) supports shared libraries
configure:14037: result: yes
configure:14065: g++ -c -g -O2  conftest.cpp >&5
configure:14068: $? = 0
configure:14250: checking for g++ option to produce PIC
configure:14567: result: -fPIC -DPIC
configure:14576: checking if g++ PIC flag -fPIC -DPIC works
configure:14594: g++ -c -g -O2  -fPIC -DPIC -DPIC conftest.cpp >&5
configure:14598: $? = 0
configure:14611: result: yes
configure:14632: checking if g++ static flag -static works
configure:14660: result: yes
configure:14672: checking if g++ supports -c -o file.o
configure:14693: g++ -c -g -O2  -o out/conftest2.o conftest.cpp >&5
configure:14697: $? = 0
configure:14719: result: yes
configure:14724: checking if g++ supports -c -o file.o
configure:14771: result: yes
configure:14801: checking whether the g++ linker (/usr/bin/ld -m elf_x86_64) supports shared libraries
configure:14830: result: yes
configure:14967: checking dynamic linker characteristics
configure:15348: g++ -o conftest -g -O2   -Wl,-rpath -Wl,/foo conftest.cpp  >&5
configure:15348: $? = 0
configure:15578: result: GNU/Linux ld.so
configure:15629: checking how to hardcode library paths into programs
configure:15654: result: immediate
configure:15715: checking for main in -lc
configure:15734: gcc -o conftest -g -O2   conftest.c -lc   >&5
configure:15734: $? = 0
configure:15743: result: yes
configure:15754: checking for main in -lpthread
configure:15773: gcc -o conftest -g -O2   conftest.c -lpthread  -lc  >&5
configure:15773: $? = 0
configure:15782: result: yes
configure:15800: checking for ANSI C header files
configure:15904: result: yes
configure:15915: checking for inttypes.h
configure:15915: result: yes
configure:15915: checking malloc.h usability
configure:15915: gcc -c -g -O2  conftest.c >&5
configure:15915: $? = 0
configure:15915: result: yes
configure:15915: checking malloc.h presence
configure:15915: gcc -E  conftest.c
configure:15915: $? = 0
configure:15915: result: yes
configure:15915: checking for malloc.h
configure:15915: result: yes
configure:15915: checking stddef.h usability
configure:15915: gcc -c -g -O2  conftest.c >&5
configure:15915: $? = 0
configure:15915: result: yes
configure:15915: checking stddef.h presence
configure:15915: gcc -E  conftest.c
configure:15915: $? = 0
configure:15915: result: yes
configure:15915: checking for stddef.h
configure:15915: result: yes
configure:15915: checking for stdlib.h
configure:15915: result: yes
configure:15915: checking for string.h
configure:15915: result: yes
configure:15928: checking for stdbool.h that conforms to C99
configure:16013: gcc -c -g -O2  conftest.c >&5
configure:16013: $? = 0
configure:16020: result: yes
configure:16022: checking for _Bool
configure:16022: gcc -c -g -O2  conftest.c >&5
configure:16022: $? = 0
configure:16022: gcc -c -g -O2  conftest.c >&5
conftest.c: In function 'main':
conftest.c:73: error: expected expression before ')' token
configure:16022: $? = 1
configure: failed program was:
| /* confdefs.h */
| #define PACKAGE_NAME "ou"
| #define PACKAGE_TARNAME "ou"
| #define PACKAGE_VERSION "0"
| #define PACKAGE_STRING "ou 0"
| #define PACKAGE_BUGREPORT "oleh_derevenko@users.sourceforge.net"
| #define PACKAGE_URL ""
| #define STDC_HEADERS 1
| #define HAVE_SYS_TYPES_H 1
| #define HAVE_SYS_STAT_H 1
| #define HAVE_STDLIB_H 1
| #define HAVE_STRING_H 1
| #define HAVE_MEMORY_H 1
| #define HAVE_STRINGS_H 1
| #define HAVE_INTTYPES_H 1
| #define HAVE_STDINT_H 1
| #define HAVE_UNISTD_H 1
| #define __EXTENSIONS__ 1
| #define _ALL_SOURCE 1
| #define _GNU_SOURCE 1
| #define _POSIX_PTHREAD_SEMANTICS 1
| #define _TANDEM_SOURCE 1
| #define PACKAGE "ou"
| #define VERSION "0"
| #define HAVE_DLFCN_H 1
| #define LT_OBJDIR ".libs/"
| #define HAVE_LIBC 1
| #define HAVE_LIBPTHREAD 1
| #define _REENTRANT 1
| #define STDC_HEADERS 1
| #define HAVE_INTTYPES_H 1
| #define HAVE_MALLOC_H 1
| #define HAVE_STDDEF_H 1
| #define HAVE_STDLIB_H 1
| #define HAVE_STRING_H 1
| /* end confdefs.h.  */
| #include <stdio.h>
| #ifdef HAVE_SYS_TYPES_H
| # include <sys/types.h>
| #endif
| #ifdef HAVE_SYS_STAT_H
| # include <sys/stat.h>
| #endif
| #ifdef STDC_HEADERS
| # include <stdlib.h>
| # include <stddef.h>
| #else
| # ifdef HAVE_STDLIB_H
| #  include <stdlib.h>
| # endif
| #endif
| #ifdef HAVE_STRING_H
| # if !defined STDC_HEADERS && defined HAVE_MEMORY_H
| #  include <memory.h>
| # endif
| # include <string.h>
| #endif
| #ifdef HAVE_STRINGS_H
| # include <strings.h>
| #endif
| #ifdef HAVE_INTTYPES_H
| # include <inttypes.h>
| #endif
| #ifdef HAVE_STDINT_H
| # include <stdint.h>
| #endif
| #ifdef HAVE_UNISTD_H
| # include <unistd.h>
| #endif
| int
| main ()
| {
| if (sizeof ((_Bool)))
| 	    return 0;
|   ;
|   return 0;
| }
configure:16022: result: yes
configure:16038: checking for an ANSI C-conforming const
configure:16103: gcc -c -g -O2  conftest.c >&5
configure:16103: $? = 0
configure:16110: result: yes
configure:16118: checking for inline
configure:16134: gcc -c -g -O2  conftest.c >&5
configure:16134: $? = 0
configure:16142: result: inline
configure:16160: checking for int16_t
configure:16160: gcc -c -g -O2  conftest.c >&5
configure:16160: $? = 0
configure:16160: gcc -c -g -O2  conftest.c >&5
conftest.c: In function 'main':
conftest.c:77: error: size of array 'test_array' is negative
configure:16160: $? = 1
configure: failed program was:
| /* confdefs.h */
| #define PACKAGE_NAME "ou"
| #define PACKAGE_TARNAME "ou"
| #define PACKAGE_VERSION "0"
| #define PACKAGE_STRING "ou 0"
| #define PACKAGE_BUGREPORT "oleh_derevenko@users.sourceforge.net"
| #define PACKAGE_URL ""
| #define STDC_HEADERS 1
| #define HAVE_SYS_TYPES_H 1
| #define HAVE_SYS_STAT_H 1
| #define HAVE_STDLIB_H 1
| #define HAVE_STRING_H 1
| #define HAVE_MEMORY_H 1
| #define HAVE_STRINGS_H 1
| #define HAVE_INTTYPES_H 1
| #define HAVE_STDINT_H 1
| #define HAVE_UNISTD_H 1
| #define __EXTENSIONS__ 1
| #define _ALL_SOURCE 1
| #define _GNU_SOURCE 1
| #define _POSIX_PTHREAD_SEMANTICS 1
| #define _TANDEM_SOURCE 1
| #define PACKAGE "ou"
| #define VERSION "0"
| #define HAVE_DLFCN_H 1
| #define LT_OBJDIR ".libs/"
| #define HAVE_LIBC 1
| #define HAVE_LIBPTHREAD 1
| #define _REENTRANT 1
| #define STDC_HEADERS 1
| #define HAVE_INTTYPES_H 1
| #define HAVE_MALLOC_H 1
| #define HAVE_STDDEF_H 1
| #define HAVE_STDLIB_H 1
| #define HAVE_STRING_H 1
| #define HAVE__BOOL 1
| #define HAVE_STDBOOL_H 1
| /* end confdefs.h.  */
| #include <stdio.h>
| #ifdef HAVE_SYS_TYPES_H
| # include <sys/types.h>
| #endif
| #ifdef HAVE_SYS_STAT_H
| # include <sys/stat.h>
| #endif
| #ifdef STDC_HEADERS
| # include <stdlib.h>
| # include <stddef.h>
| #else
| # ifdef HAVE_STDLIB_H
| #  include <stdlib.h>
| # endif
| #endif
| #ifdef HAVE_STRING_H
| # if !defined STDC_HEADERS && defined HAVE_MEMORY_H
| #  include <memory.h>
| # endif
| # include <string.h>
| #endif
| #ifdef HAVE_STRINGS_H
| # include <strings.h>
| #endif
| #ifdef HAVE_INTTYPES_H
| # include <inttypes.h>
| #endif
| #ifdef HAVE_STDINT_H
| # include <stdint.h>
| #endif
| #ifdef HAVE_UNISTD_H
| # include <unistd.h>
| #endif
| 	        enum { N = 16 / 2 - 1 };
| int
| main ()
| {
| static int test_array [1 - 2 * !((int16_t) (((((int16_t) 1 << N) << N) - 1) * 2 + 1)
| 		 < (int16_t) (((((int16_t) 1 << N) << N) - 1) * 2 + 2))];
| test_array [0] = 0
| 
|   ;
|   return 0;
| }
configure:16160: result: yes
configure:16171: checking for int32_t
configure:16171: gcc -c -g -O2  conftest.c >&5
configure:16171: $? = 0
configure:16171: gcc -c -g -O2  conftest.c >&5
conftest.c: In function 'main':
conftest.c:77: warning: integer overflow in expression
conftest.c:77: error: size of array 'test_array' is negative
configure:16171: $? = 1
configure: failed program was:
| /* confdefs.h */
| #define PACKAGE_NAME "ou"
| #define PACKAGE_TARNAME "ou"
| #define PACKAGE_VERSION "0"
| #define PACKAGE_STRING "ou 0"
| #define PACKAGE_BUGREPORT "oleh_derevenko@users.sourceforge.net"
| #define PACKAGE_URL ""
| #define STDC_HEADERS 1
| #define HAVE_SYS_TYPES_H 1
| #define HAVE_SYS_STAT_H 1
| #define HAVE_STDLIB_H 1
| #define HAVE_STRING_H 1
| #define HAVE_MEMORY_H 1
| #define HAVE_STRINGS_H 1
| #define HAVE_INTTYPES_H 1
| #define HAVE_STDINT_H 1
| #define HAVE_UNISTD_H 1
| #define __EXTENSIONS__ 1
| #define _ALL_SOURCE 1
| #define _GNU_SOURCE 1
| #define _POSIX_PTHREAD_SEMANTICS 1
| #define _TANDEM_SOURCE 1
| #define PACKAGE "ou"
| #define VERSION "0"
| #define HAVE_DLFCN_H 1
| #define LT_OBJDIR ".libs/"
| #define HAVE_LIBC 1
| #define HAVE_LIBPTHREAD 1
| #define _REENTRANT 1
| #define STDC_HEADERS 1
| #define HAVE_INTTYPES_H 1
| #define HAVE_MALLOC_H 1
| #define HAVE_STDDEF_H 1
| #define HAVE_STDLIB_H 1
| #define HAVE_STRING_H 1
| #define HAVE__BOOL 1
| #define HAVE_STDBOOL_H 1
| /* end confdefs.h.  */
| #include <stdio.h>
| #ifdef HAVE_SYS_TYPES_H
| # include <sys/types.h>
| #endif
| #ifdef HAVE_SYS_STAT_H
| # include <sys/stat.h>
| #endif
| #ifdef STDC_HEADERS
| # include <stdlib.h>
| # include <stddef.h>
| #else
| # ifdef HAVE_STDLIB_H
| #  include <stdlib.h>
| # endif
| #endif
| #ifdef HAVE_STRING_H
| # if !defined STDC_HEADERS && defined HAVE_MEMORY_H
| #  include <memory.h>
| # endif
| # include <string.h>
| #endif
| #ifdef HAVE_STRINGS_H
| # include <strings.h>
| #endif
| #ifdef HAVE_INTTYPES_H
| # include <inttypes.h>
| #endif
| #ifdef HAVE_STDINT_H
| # include <stdint.h>
| #endif
| #ifdef HAVE_UNISTD_H
| # include <unistd.h>
| #endif
| 	        enum { N = 32 / 2 - 1 };
| int
| main ()
| {
| static int test_array [1 - 2 * !((int32_t) (((((int32_t) 1 << N) << N) - 1) * 2 + 1)
| 		 < (int32_t) (((((int32_t) 1 << N) << N) - 1) * 2 + 2))];
| test_array [0] = 0
| 
|   ;
|   return 0;
| }
configure:16171: result: yes
configure:16182: checking for int64_t
configure:16182: gcc -c -g -O2  conftest.c >&5
configure:16182: $? = 0
configure:16182: gcc -c -g -O2  conftest.c >&5
conftest.c: In function 'main':
conftest.c:77: warning: integer overflow in expression
conftest.c:77: error: size of array 'test_array' is negative
configure:16182: $? = 1
configure: failed program was:
| /* confdefs.h */
| #define PACKAGE_NAME "ou"
| #define PACKAGE_TARNAME "ou"
| #define PACKAGE_VERSION "0"
| #define PACKAGE_STRING "ou 0"
| #define PACKAGE_BUGREPORT "oleh_derevenko@users.sourceforge.net"
| #define PACKAGE_URL ""
| #define STDC_HEADERS 1
| #define HAVE_SYS_TYPES_H 1
| #define HAVE_SYS_STAT_H 1
| #define HAVE_STDLIB_H 1
| #define HAVE_STRING_H 1
| #define HAVE_MEMORY_H 1
| #define HAVE_STRINGS_H 1
| #define HAVE_INTTYPES_H 1
| #define HAVE_STDINT_H 1
| #define HAVE_UNISTD_H 1
| #define __EXTENSIONS__ 1
| #define _ALL_SOURCE 1
| #define _GNU_SOURCE 1
| #define _POSIX_PTHREAD_SEMANTICS 1
| #define _TANDEM_SOURCE 1
| #define PACKAGE "ou"
| #define VERSION "0"
| #define HAVE_DLFCN_H 1
| #define LT_OBJDIR ".libs/"
| #define HAVE_LIBC 1
| #define HAVE_LIBPTHREAD 1
| #define _REENTRANT 1
| #define STDC_HEADERS 1
| #define HAVE_INTTYPES_H 1
| #define HAVE_MALLOC_H 1
| #define HAVE_STDDEF_H 1
| #define HAVE_STDLIB_H 1
| #define HAVE_STRING_H 1
| #define HAVE__BOOL 1
| #define HAVE_STDBOOL_H 1
| /* end confdefs.h.  */
| #include <stdio.h>
| #ifdef HAVE_SYS_TYPES_H
| # include <sys/types.h>
| #endif
| #ifdef HAVE_SYS_STAT_H
| # include <sys/stat.h>
| #endif
| #ifdef STDC_HEADERS
| # include <stdlib.h>
| # include <stddef.h>
| #else
| # ifdef HAVE_STDLIB_H
| #  include <stdlib.h>
| # endif
| #endif
| #ifdef HAVE_STRING_H
| # if !defined STDC_HEADERS && defined HAVE_MEMORY_H
| #  include <memory.h>
| # endif
| # include <string.h>
| #endif
| #ifdef HAVE_STRINGS_H
| # include <strings.h>
| #endif
| #ifdef HAVE_INTTYPES_H
| # include <inttypes.h>
| #endif
| #ifdef HAVE_STDINT_H
| # include <stdint.h>
| #endif
| #ifdef HAVE_UNISTD_H
| # include <unistd.h>
| #endif
| 	        enum { N = 64 / 2 - 1 };
| int
| main ()
| {
| static int test_array [1 - 2 * !((int64_t) (((((int64_t) 1 << N) << N) - 1) * 2 + 1)
| 		 < (int64_t) (((((int64_t) 1 << N) << N) - 1) * 2 + 2))];
| test_array [0] = 0
| 
|   ;
|   return 0;
| }
configure:16182: result: yes
configure:16193: checking for int8_t
configure:16193: gcc -c -g -O2  conftest.c >&5
configure:16193: $? = 0
configure:16193: gcc -c -g -O2  conftest.c >&5
conftest.c: In function 'main':
conftest.c:77: error: size of array 'test_array' is negative
configure:16193: $? = 1
configure: failed program was:
| /* confdefs.h */
| #define PACKAGE_NAME "ou"
| #define PACKAGE_TARNAME "ou"
| #define PACKAGE_VERSION "0"
| #define PACKAGE_STRING "ou 0"
| #define PACKAGE_BUGREPORT "oleh_derevenko@users.sourceforge.net"
| #define PACKAGE_URL ""
| #define STDC_HEADERS 1
| #define HAVE_SYS_TYPES_H 1
| #define HAVE_SYS_STAT_H 1
| #define HAVE_STDLIB_H 1
| #define HAVE_STRING_H 1
| #define HAVE_MEMORY_H 1
| #define HAVE_STRINGS_H 1
| #define HAVE_INTTYPES_H 1
| #define HAVE_STDINT_H 1
| #define HAVE_UNISTD_H 1
| #define __EXTENSIONS__ 1
| #define _ALL_SOURCE 1
| #define _GNU_SOURCE 1
| #define _POSIX_PTHREAD_SEMANTICS 1
| #define _TANDEM_SOURCE 1
| #define PACKAGE "ou"
| #define VERSION "0"
| #define HAVE_DLFCN_H 1
| #define LT_OBJDIR ".libs/"
| #define HAVE_LIBC 1
| #define HAVE_LIBPTHREAD 1
| #define _REENTRANT 1
| #define STDC_HEADERS 1
| #define HAVE_INTTYPES_H 1
| #define HAVE_MALLOC_H 1
| #define HAVE_STDDEF_H 1
| #define HAVE_STDLIB_H 1
| #define HAVE_STRING_H 1
| #define HAVE__BOOL 1
| #define HAVE_STDBOOL_H 1
| /* end confdefs.h.  */
| #include <stdio.h>
| #ifdef HAVE_SYS_TYPES_H
| # include <sys/types.h>
| #endif
| #ifdef HAVE_SYS_STAT_H
| # include <sys/stat.h>
| #endif
| #ifdef STDC_HEADERS
| # include <stdlib.h>
| # include <stddef.h>
| #else
| # ifdef HAVE_STDLIB_H
| #  include <stdlib.h>
| # endif
| #endif
| #ifdef HAVE_STRING_H
| # if !defined STDC_HEADERS && defined HAVE_MEMORY_H
| #  include <memory.h>
| # endif
| # include <string.h>
| #endif
| #ifdef HAVE_STRINGS_H
| # include <strings.h>
| #endif
| #ifdef HAVE_INTTYPES_H
| # include <inttypes.h>
| #endif
| #ifdef HAVE_STDINT_H
| # include <stdint.h>
| #endif
| #ifdef HAVE_UNISTD_H
| # include <unistd.h>
| #endif
| 	        enum { N = 8 / 2 - 1 };
| int
| main ()
| {
| static int test_array [1 - 2 * !((int8_t) (((((int8_t) 1 << N) << N) - 1) * 2 + 1)
| 		 < (int8_t) (((((int8_t) 1 << N) << N) - 1) * 2 + 2))];
| test_array [0] = 0
| 
|   ;
|   return 0;
| }
configure:16193: result: yes
configure:16204: checking for size_t
configure:16204: gcc -c -g -O2  conftest.c >&5
configure:16204: $? = 0
configure:16204: gcc -c -g -O2  conftest.c >&5
conftest.c: In function 'main':
conftest.c:75: error: expected expression before ')' token
configure:16204: $? = 1
configure: failed program was:
| /* confdefs.h */
| #define PACKAGE_NAME "ou"
| #define PACKAGE_TARNAME "ou"
| #define PACKAGE_VERSION "0"
| #define PACKAGE_STRING "ou 0"
| #define PACKAGE_BUGREPORT "oleh_derevenko@users.sourceforge.net"
| #define PACKAGE_URL ""
| #define STDC_HEADERS 1
| #define HAVE_SYS_TYPES_H 1
| #define HAVE_SYS_STAT_H 1
| #define HAVE_STDLIB_H 1
| #define HAVE_STRING_H 1
| #define HAVE_MEMORY_H 1
| #define HAVE_STRINGS_H 1
| #define HAVE_INTTYPES_H 1
| #define HAVE_STDINT_H 1
| #define HAVE_UNISTD_H 1
| #define __EXTENSIONS__ 1
| #define _ALL_SOURCE 1
| #define _GNU_SOURCE 1
| #define _POSIX_PTHREAD_SEMANTICS 1
| #define _TANDEM_SOURCE 1
| #define PACKAGE "ou"
| #define VERSION "0"
| #define HAVE_DLFCN_H 1
| #define LT_OBJDIR ".libs/"
| #define HAVE_LIBC 1
| #define HAVE_LIBPTHREAD 1
| #define _REENTRANT 1
| #define STDC_HEADERS 1
| #define HAVE_INTTYPES_H 1
| #define HAVE_MALLOC_H 1
| #define HAVE_STDDEF_H 1
| #define HAVE_STDLIB_H 1
| #define HAVE_STRING_H 1
| #define HAVE__BOOL 1
| #define HAVE_STDBOOL_H 1
| /* end confdefs.h.  */
| #include <stdio.h>
| #ifdef HAVE_SYS_TYPES_H
| # include <sys/types.h>
| #endif
| #ifdef HAVE_SYS_STAT_H
| # include <sys/stat.h>
| #endif
| #ifdef STDC_HEADERS
| # include <stdlib.h>
| # include <stddef.h>
| #else
| # ifdef HAVE_STDLIB_H
| #  include <stdlib.h>
| # endif
| #endif
| #ifdef HAVE_STRING_H
| # if !defined STDC_HEADERS && defined HAVE_MEMORY_H
| #  include <memory.h>
| # endif
| # include <string.h>
| #endif
| #ifdef HAVE_STRINGS_H
| # include <strings.h>
| #endif
| #ifdef HAVE_INTTYPES_H
| # include <inttypes.h>
| #endif
| #ifdef HAVE_STDINT_H
| # include <stdint.h>
| #endif
| #ifdef HAVE_UNISTD_H
| # include <unistd.h>
| #endif
| int
| main ()
| {
| if (sizeof ((size_t)))
| 	    return 0;
|   ;
|   return 0;
| }
configure:16204: result: yes
configure:16215: checking for uint16_t
configure:16215: gcc -c -g -O2  conftest.c >&5
configure:16215: $? = 0
configure:16215: result: yes
configure:16227: checking for uint32_t
configure:16227: gcc -c -g -O2  conftest.c >&5
configure:16227: $? = 0
configure:16227: result: yes
configure:16241: checking for uint64_t
configure:16241: gcc -c -g -O2  conftest.c >&5
configure:16241: $? = 0
configure:16241: result: yes
configure:16255: checking for uint8_t
configure:16255: gcc -c -g -O2  conftest.c >&5
configure:16255: $? = 0
configure:16255: result: yes
configure:16269: checking for working volatile
configure:16288: gcc -c -g -O2  conftest.c >&5
configure:16288: $? = 0
configure:16295: result: yes
configure:16303: checking for ptrdiff_t
configure:16303: gcc -c -g -O2  conftest.c >&5
configure:16303: $? = 0
configure:16303: gcc -c -g -O2  conftest.c >&5
conftest.c: In function 'main':
conftest.c:75: error: expected expression before ')' token
configure:16303: $? = 1
configure: failed program was:
| /* confdefs.h */
| #define PACKAGE_NAME "ou"
| #define PACKAGE_TARNAME "ou"
| #define PACKAGE_VERSION "0"
| #define PACKAGE_STRING "ou 0"
| #define PACKAGE_BUGREPORT "oleh_derevenko@users.sourceforge.net"
| #define PACKAGE_URL ""
| #define STDC_HEADERS 1
| #define HAVE_SYS_TYPES_H 1
| #define HAVE_SYS_STAT_H 1
| #define HAVE_STDLIB_H 1
| #define HAVE_STRING_H 1
| #define HAVE_MEMORY_H 1
| #define HAVE_STRINGS_H 1
| #define HAVE_INTTYPES_H 1
| #define HAVE_STDINT_H 1
| #define HAVE_UNISTD_H 1
| #define __EXTENSIONS__ 1
| #define _ALL_SOURCE 1
| #define _GNU_SOURCE 1
| #define _POSIX_PTHREAD_SEMANTICS 1
| #define _TANDEM_SOURCE 1
| #define PACKAGE "ou"
| #define VERSION "0"
| #define HAVE_DLFCN_H 1
| #define LT_OBJDIR ".libs/"
| #define HAVE_LIBC 1
| #define HAVE_LIBPTHREAD 1
| #define _REENTRANT 1
| #define STDC_HEADERS 1
| #define HAVE_INTTYPES_H 1
| #define HAVE_MALLOC_H 1
| #define HAVE_STDDEF_H 1
| #define HAVE_STDLIB_H 1
| #define HAVE_STRING_H 1
| #define HAVE__BOOL 1
| #define HAVE_STDBOOL_H 1
| /* end confdefs.h.  */
| #include <stdio.h>
| #ifdef HAVE_SYS_TYPES_H
| # include <sys/types.h>
| #endif
| #ifdef HAVE_SYS_STAT_H
| # include <sys/stat.h>
| #endif
| #ifdef STDC_HEADERS
| # include <stdlib.h>
| # include <stddef.h>
| #else
| # ifdef HAVE_STDLIB_H
| #  include <stdlib.h>
| # endif
| #endif
| #ifdef HAVE_STRING_H
| # if !defined STDC_HEADERS && defined HAVE_MEMORY_H
| #  include <memory.h>
| # endif
| # include <string.h>
| #endif
| #ifdef HAVE_STRINGS_H
| # include <strings.h>
| #endif
| #ifdef HAVE_INTTYPES_H
| # include <inttypes.h>
| #endif
| #ifdef HAVE_STDINT_H
| # include <stdint.h>
| #endif
| #ifdef HAVE_UNISTD_H
| # include <unistd.h>
| #endif
| int
| main ()
| {
| if (sizeof ((ptrdiff_t)))
| 	    return 0;
|   ;
|   return 0;
| }
configure:16303: result: yes
configure:16317: checking for stdlib.h
configure:16317: result: yes
configure:16327: checking for GNU libc compatible malloc
configure:16351: gcc -o conftest -g -O2   conftest.c -lpthread -lc  >&5
configure:16351: $? = 0
configure:16351: ./conftest
configure:16351: $? = 0
configure:16361: result: yes
configure:16384: checking for stdlib.h
configure:16384: result: yes
configure:16394: checking for GNU libc compatible realloc
configure:16418: gcc -o conftest -g -O2   conftest.c -lpthread -lc  >&5
configure:16418: $? = 0
configure:16418: ./conftest
configure:16418: $? = 0
configure:16428: result: yes
configure:16451: checking for memset
configure:16451: gcc -o conftest -g -O2   conftest.c -lpthread -lc  >&5
conftest.c:67: warning: conflicting types for built-in function 'memset'
configure:16451: $? = 0
configure:16451: result: yes
configure:16687: creating ./config.status

## ---------------------- ##
## Running config.status. ##
## ---------------------- ##

This file was extended by ou config.status 0, which was
generated by GNU Autoconf 2.65.  Invocation command line was

  CONFIG_FILES    = 
  CONFIG_HEADERS  = 
  CONFIG_LINKS    = 
  CONFIG_COMMANDS = 
  $ ./config.status 

on lars-ETH

config.status:1057: creating Makefile
config.status:1057: creating include/ou/Makefile
config.status:1057: creating src/ou/Makefile
config.status:1057: creating test/Makefile
config.status:1220: executing depfiles commands
config.status:1220: executing libtool commands

## ---------------- ##
## Cache variables. ##
## ---------------- ##

ac_cv_build=x86_64-unknown-linux-gnu
ac_cv_c_compiler_gnu=yes
ac_cv_c_const=yes
ac_cv_c_inline=inline
ac_cv_c_int16_t=yes
ac_cv_c_int32_t=yes
ac_cv_c_int64_t=yes
ac_cv_c_int8_t=yes
ac_cv_c_uint16_t=yes
ac_cv_c_uint32_t=yes
ac_cv_c_uint64_t=yes
ac_cv_c_uint8_t=yes
ac_cv_c_volatile=yes
ac_cv_cxx_compiler_gnu=yes
ac_cv_env_CCC_set=
ac_cv_env_CCC_value=
ac_cv_env_CC_set=
ac_cv_env_CC_value=
ac_cv_env_CFLAGS_set=
ac_cv_env_CFLAGS_value=
ac_cv_env_CPPFLAGS_set=
ac_cv_env_CPPFLAGS_value=
ac_cv_env_CPP_set=
ac_cv_env_CPP_value=
ac_cv_env_CXXCPP_set=
ac_cv_env_CXXCPP_value=
ac_cv_env_CXXFLAGS_set=
ac_cv_env_CXXFLAGS_value=
ac_cv_env_CXX_set=
ac_cv_env_CXX_value=
ac_cv_env_LDFLAGS_set=
ac_cv_env_LDFLAGS_value=
ac_cv_env_LIBS_set=
ac_cv_env_LIBS_value=
ac_cv_env_OU_NAMESPACE_set=set
ac_cv_env_OU_NAMESPACE_value=odeou
ac_cv_env_build_alias_set=
ac_cv_env_build_alias_value=
ac_cv_env_host_alias_set=
ac_cv_env_host_alias_value=
ac_cv_env_target_alias_set=
ac_cv_env_target_alias_value=
ac_cv_func_malloc_0_nonnull=yes
ac_cv_func_memset=yes
ac_cv_func_realloc_0_nonnull=yes
ac_cv_header_dlfcn_h=yes
ac_cv_header_inttypes_h=yes
ac_cv_header_malloc_h=yes
ac_cv_header_memory_h=yes
ac_cv_header_minix_config_h=no
ac_cv_header_stdbool_h=yes
ac_cv_header_stdc=yes
ac_cv_header_stddef_h=yes
ac_cv_header_stdint_h=yes
ac_cv_header_stdlib_h=yes
ac_cv_header_string_h=yes
ac_cv_header_strings_h=yes
ac_cv_header_sys_stat_h=yes
ac_cv_header_sys_types_h=yes
ac_cv_header_unistd_h=yes
ac_cv_host=x86_64-unknown-linux-gnu
ac_cv_lib_c_main=yes
ac_cv_lib_pthread_main=yes
ac_cv_objext=o
ac_cv_path_EGREP='/bin/grep -E'
ac_cv_path_FGREP='/bin/grep -F'
ac_cv_path_GREP=/bin/grep
ac_cv_path_SED=/bin/sed
ac_cv_path_install='/usr/bin/install -c'
ac_cv_path_mkdir=/bin/mkdir
ac_cv_prog_AWK=mawk
ac_cv_prog_CPP='gcc -E'
ac_cv_prog_CXXCPP='g++ -E'
ac_cv_prog_ac_ct_AR=ar
ac_cv_prog_ac_ct_CC=gcc
ac_cv_prog_ac_ct_CXX=g++
ac_cv_prog_ac_ct_OBJDUMP=objdump
ac_cv_prog_ac_ct_RANLIB=ranlib
ac_cv_prog_ac_ct_STRIP=strip
ac_cv_prog_cc_c89=
ac_cv_prog_cc_g=yes
ac_cv_prog_cxx_g=yes
ac_cv_prog_make_make_set=yes
ac_cv_safe_to_define___extensions__=yes
ac_cv_type__Bool=yes
ac_cv_type_ptrdiff_t=yes
ac_cv_type_size_t=yes
am_cv_CC_dependencies_compiler_type=gcc3
am_cv_CXX_dependencies_compiler_type=gcc3
lt_cv_deplibs_check_method=pass_all
lt_cv_file_magic_cmd='$MAGIC_CMD'
lt_cv_file_magic_test_file=
lt_cv_ld_reload_flag=-r
lt_cv_nm_interface='BSD nm'
lt_cv_objdir=.libs
lt_cv_path_LD=/usr/bin/ld
lt_cv_path_LDCXX='/usr/bin/ld -m elf_x86_64'
lt_cv_path_NM='/usr/bin/nm -B'
lt_cv_prog_compiler_c_o=yes
lt_cv_prog_compiler_c_o_CXX=yes
lt_cv_prog_compiler_pic_works=yes
lt_cv_prog_compiler_pic_works_CXX=yes
lt_cv_prog_compiler_rtti_exceptions=no
lt_cv_prog_compiler_static_works=yes
lt_cv_prog_compiler_static_works_CXX=yes
lt_cv_prog_gnu_ld=yes
lt_cv_prog_gnu_ldcxx=yes
lt_cv_sys_global_symbol_pipe='sed -n -e '\''s/^.*[	 ]\([ABCDGIRSTW][ABCDGIRSTW]*\)[	 ][	 ]*\([_A-Za-z][_A-Za-z0-9]*\)$/\1 \2 \2/p'\'''
lt_cv_sys_global_symbol_to_c_name_address='sed -n -e '\''s/^: \([^ ]*\) $/  {\"\1\", (void *) 0},/p'\'' -e '\''s/^[ABCDGIRSTW]* \([^ ]*\) \([^ ]*\)$/  {"\2", (void *) \&\2},/p'\'''
lt_cv_sys_global_symbol_to_c_name_address_lib_prefix='sed -n -e '\''s/^: \([^ ]*\) $/  {\"\1\", (void *) 0},/p'\'' -e '\''s/^[ABCDGIRSTW]* \([^ ]*\) \(lib[^ ]*\)$/  {"\2", (void *) \&\2},/p'\'' -e '\''s/^[ABCDGIRSTW]* \([^ ]*\) \([^ ]*\)$/  {"lib\2", (void *) \&\2},/p'\'''
lt_cv_sys_global_symbol_to_cdecl='sed -n -e '\''s/^T .* \(.*\)$/extern int \1();/p'\'' -e '\''s/^[ABCDGIRSTW]* .* \(.*\)$/extern char \1;/p'\'''
lt_cv_sys_max_cmd_len=1572864

## ----------------- ##
## Output variables. ##
## ----------------- ##

ACLOCAL='${SHELL} /home/lars/Projekte/svn-lars/trunk/SimBot/ode-0.11.1/missing --run aclocal-1.11'
AMDEPBACKSLASH='\'
AMDEP_FALSE='#'
AMDEP_TRUE=''
AMTAR='${SHELL} /home/lars/Projekte/svn-lars/trunk/SimBot/ode-0.11.1/missing --run tar'
AR='ar'
AS='as'
AUTOCONF='${SHELL} /home/lars/Projekte/svn-lars/trunk/SimBot/ode-0.11.1/missing --run autoconf'
AUTOHEADER='${SHELL} /home/lars/Projekte/svn-lars/trunk/SimBot/ode-0.11.1/missing --run autoheader'
AUTOMAKE='${SHELL} /home/lars/Projekte/svn-lars/trunk/SimBot/ode-0.11.1/missing --run automake-1.11'
AWK='mawk'
CC='gcc'
CCDEPMODE='depmode=gcc3'
CFLAGS='-g -O2'
CPP='gcc -E'
CPPFLAGS=' -D_OU_NAMESPACE=odeou'
CXX='g++'
CXXCPP='g++ -E'
CXXDEPMODE='depmode=gcc3'
CXXFLAGS='-g -O2'
CYGPATH_W='echo'
DEFS='-DPACKAGE_NAME=\"ou\" -DPACKAGE_TARNAME=\"ou\" -DPACKAGE_VERSION=\"0\" -DPACKAGE_STRING=\"ou\ 0\" -DPACKAGE_BUGREPORT=\"oleh_derevenko@users.sourceforge.net\" -DPACKAGE_URL=\"\" -DSTDC_HEADERS=1 -DHAVE_SYS_TYPES_H=1 -DHAVE_SYS_STAT_H=1 -DHAVE_STDLIB_H=1 -DHAVE_STRING_H=1 -DHAVE_MEMORY_H=1 -DHAVE_STRINGS_H=1 -DHAVE_INTTYPES_H=1 -DHAVE_STDINT_H=1 -DHAVE_UNISTD_H=1 -D__EXTENSIONS__=1 -D_ALL_SOURCE=1 -D_GNU_SOURCE=1 -D_POSIX_PTHREAD_SEMANTICS=1 -D_TANDEM_SOURCE=1 -DPACKAGE=\"ou\" -DVERSION=\"0\" -DHAVE_DLFCN_H=1 -DLT_OBJDIR=\".libs/\" -DHAVE_LIBC=1 -DHAVE_LIBPTHREAD=1 -D_REENTRANT=1 -DSTDC_HEADERS=1 -DHAVE_INTTYPES_H=1 -DHAVE_MALLOC_H=1 -DHAVE_STDDEF_H=1 -DHAVE_STDLIB_H=1 -DHAVE_STRING_H=1 -DHAVE__BOOL=1 -DHAVE_STDBOOL_H=1 -DHAVE_PTRDIFF_T=1 -DHAVE_STDLIB_H=1 -DHAVE_MALLOC=1 -DHAVE_STDLIB_H=1 -DHAVE_REALLOC=1 -DHAVE_MEMSET=1 -D_OU_TARGET_OS=_OU_TARGET_OS_GENUNIX'
DEPDIR='.deps'
DLLTOOL='dlltool'
DSYMUTIL=''
DUMPBIN=''
ECHO_C=''
ECHO_N='-n'
ECHO_T=''
EGREP='/bin/grep -E'
EXEEXT=''
FGREP='/bin/grep -F'
GREP='/bin/grep'
INSTALL_DATA='${INSTALL} -m 644'
INSTALL_PROGRAM='${INSTALL}'
INSTALL_SCRIPT='${INSTALL}'
INSTALL_STRIP_PROGRAM='$(install_sh) -c -s'
LD='/usr/bin/ld -m elf_x86_64'
LDFLAGS=''
LIBOBJS=''
LIBS='-lpthread -lc '
LIBTOOL='$(SHELL) $(top_builddir)/libtool'
LIPO=''
LN_S='ln -s'
LTLIBOBJS=''
MAKEINFO='${SHELL} /home/lars/Projekte/svn-lars/trunk/SimBot/ode-0.11.1/missing --run makeinfo'
MKDIR_P='/bin/mkdir -p'
NM='/usr/bin/nm -B'
NMEDIT=''
OBJDUMP='objdump'
OBJEXT='o'
OTOOL64=''
OTOOL=''
OU_NAMESPACE='odeou'
PACKAGE='ou'
PACKAGE_BUGREPORT='oleh_derevenko@users.sourceforge.net'
PACKAGE_NAME='ou'
PACKAGE_STRING='ou 0'
PACKAGE_TARNAME='ou'
PACKAGE_URL=''
PACKAGE_VERSION='0'
PATH_SEPARATOR=':'
RANLIB='ranlib'
SED='/bin/sed'
SET_MAKE=''
SHELL='/bin/bash'
STRIP='strip'
VERSION='0'
ac_ct_CC='gcc'
ac_ct_CXX='g++'
ac_ct_DUMPBIN=''
am__EXEEXT_FALSE=''
am__EXEEXT_TRUE='#'
am__fastdepCC_FALSE='#'
am__fastdepCC_TRUE=''
am__fastdepCXX_FALSE='#'
am__fastdepCXX_TRUE=''
am__include='include'
am__isrc=''
am__leading_dot='.'
am__quote=''
am__tar='${AMTAR} chof - "$$tardir"'
am__untar='${AMTAR} xf -'
bindir='${exec_prefix}/bin'
build='x86_64-unknown-linux-gnu'
build_alias=''
build_cpu='x86_64'
build_os='linux-gnu'
build_vendor='unknown'
datadir='${datarootdir}'
datarootdir='${prefix}/share'
docdir='${datarootdir}/doc/${PACKAGE_TARNAME}'
dvidir='${docdir}'
exec_prefix='${prefix}'
host='x86_64-unknown-linux-gnu'
host_alias=''
host_cpu='x86_64'
host_os='linux-gnu'
host_vendor='unknown'
htmldir='${docdir}'
includedir='${prefix}/include'
infodir='${datarootdir}/info'
install_sh='${SHELL} /home/lars/Projekte/svn-lars/trunk/SimBot/ode-0.11.1/install-sh'
libdir='${exec_prefix}/lib'
libexecdir='${exec_prefix}/libexec'
localedir='${datarootdir}/locale'
localstatedir='${prefix}/var'
lt_ECHO='echo'
mandir='${datarootdir}/man'
mkdir_p='/bin/mkdir -p'
oldincludedir='/usr/include'
pdfdir='${docdir}'
prefix='/usr/local'
program_transform_name='s,x,x,'
psdir='${docdir}'
sbindir='${exec_prefix}/sbin'
sharedstatedir='${prefix}/com'
sysconfdir='${prefix}/etc'
target_alias=''

## ----------- ##
## confdefs.h. ##
## ----------- ##

/* confdefs.h */
#define PACKAGE_NAME "ou"
#define PACKAGE_TARNAME "ou"
#define PACKAGE_VERSION "0"
#define PACKAGE_STRING "ou 0"
#define PACKAGE_BUGREPORT "oleh_derevenko@users.sourceforge.net"
#define PACKAGE_URL ""
#define STDC_HEADERS 1
#define HAVE_SYS_TYPES_H 1
#define HAVE_SYS_STAT_H 1
#define HAVE_STDLIB_H 1
#define HAVE_STRING_H 1
#define HAVE_MEMORY_H 1
#define HAVE_STRINGS_H 1
#define HAVE_INTTYPES_H 1
#define HAVE_STDINT_H 1
#define HAVE_UNISTD_H 1
#define __EXTENSIONS__ 1
#define _ALL_SOURCE 1
#define _GNU_SOURCE 1
#define _POSIX_PTHREAD_SEMANTICS 1
#define _TANDEM_SOURCE 1
#define PACKAGE "ou"
#define VERSION "0"
#define HAVE_DLFCN_H 1
#define LT_OBJDIR ".libs/"
#define HAVE_LIBC 1
#define HAVE_LIBPTHREAD 1
#define _REENTRANT 1
#define STDC_HEADERS 1
#define HAVE_INTTYPES_H 1
#define HAVE_MALLOC_H 1
#define HAVE_STDDEF_H 1
#define HAVE_STDLIB_H 1
#define HAVE_STRING_H 1
#define HAVE__BOOL 1
#define HAVE_STDBOOL_H 1
#define HAVE_PTRDIFF_T 1
#define HAVE_STDLIB_H 1
#define HAVE_MALLOC 1
#define HAVE_STDLIB_H 1
#define HAVE_REALLOC 1
#define HAVE_MEMSET 1
#define _OU_TARGET_OS _OU_TARGET_OS_GENUNIX

configure: exit 0
